This file contains any messages produced by compilers while
running configure, to aid debugging if configure makes a mistake.

It was created by nghttp2 configure 1.40.0, which was
generated by GNU Autoconf 2.69.  Invocation command line was

  $ ./configure 

## --------- ##
## Platform. ##
## --------- ##

hostname = MacBook-Pro
uname -m = x86_64
uname -r = 19.5.0
uname -s = Darwin
uname -v = Darwin Kernel Version 19.5.0: Tue May 26 20:41:44 PDT 2020; root:xnu-6153.121.2~2/RELEASE_X86_64

/usr/bin/uname -p = i386
/bin/uname -X     = unknown

/bin/arch              = unknown
/usr/bin/arch -k       = unknown
/usr/convex/getsysinfo = unknown
/usr/bin/hostinfo      = Mach kernel version:
	 Darwin Kernel Version 19.5.0: Tue May 26 20:41:44 PDT 2020; root:xnu-6153.121.2~2/RELEASE_X86_64
Kernel configured for up to 16 processors.
8 processors are physically available.
16 processors are logically available.
Processor type: x86_64h (Intel x86-64h Haswell)
Processors active: 0 1 2 3 4 5 6 7 8 9 10 11 12 13 14 15
Primary memory available: 16.00 gigabytes
Default processor set: 420 tasks, 1963 threads, 16 processors
Load average: 1.39, Mach factor: 14.60
/bin/machine           = unknown
/usr/bin/oslevel       = unknown
/bin/universe          = unknown

PATH: /usr/local/opt/curl-openssl/bin
PATH: /usr/local/opt/libxml2/bin
PATH: /usr/local/opt/icu4c/sbin
PATH: /usr/local/opt/icu4c/bin
PATH: /usr/local/bin
PATH: /usr/bin
PATH: /bin
PATH: /usr/sbin
PATH: /sbin


## ----------- ##
## Core tests. ##
## ----------- ##

configure:3126: checking for gcc
configure:3142: found /usr/bin/gcc
configure:3153: result: gcc
configure:3382: checking for C compiler version
configure:3391: gcc --version >&5
Apple clang version 11.0.3 (clang-1103.0.32.62)
Target: x86_64-apple-darwin19.5.0
Thread model: posix
InstalledDir: /Library/Developer/CommandLineTools/usr/bin
Configured with: --prefix=/Library/Developer/CommandLineTools/usr --with-gxx-include-dir=/Library/Developer/CommandLineTools/SDKs/MacOSX.sdk/usr/include/c++/4.2.1
configure:3402: $? = 0
configure:3391: gcc -v >&5
Configured with: --prefix=/Library/Developer/CommandLineTools/usr --with-gxx-include-dir=/Library/Developer/CommandLineTools/SDKs/MacOSX.sdk/usr/include/c++/4.2.1
Apple clang version 11.0.3 (clang-1103.0.32.62)
Target: x86_64-apple-darwin19.5.0
Thread model: posix
InstalledDir: /Library/Developer/CommandLineTools/usr/bin
configure:3402: $? = 0
configure:3391: gcc -V >&5
clang: error: unsupported option '-V -Wno-objc-signed-char-bool-implicit-int-conversion'
clang: error: no input files
configure:3402: $? = 1
configure:3391: gcc -qversion >&5
clang: error: unknown argument '-qversion'; did you mean '--version'?
clang: error: no input files
configure:3402: $? = 1
configure:3422: checking whether the C compiler works
configure:3444: gcc    conftest.c  >&5
configure:3448: $? = 0
configure:3496: result: yes
configure:3499: checking for C compiler default output file name
configure:3501: result: a.out
configure:3507: checking for suffix of executables
configure:3514: gcc -o conftest    conftest.c  >&5
configure:3518: $? = 0
configure:3540: result: 
configure:3562: checking whether we are cross compiling
configure:3570: gcc -o conftest    conftest.c  >&5
configure:3574: $? = 0
configure:3581: ./conftest
configure:3585: $? = 0
configure:3600: result: no
configure:3605: checking for suffix of object files
configure:3627: gcc -c   conftest.c >&5
configure:3631: $? = 0
configure:3652: result: o
configure:3656: checking whether we are using the GNU C compiler
configure:3675: gcc -c   conftest.c >&5
configure:3675: $? = 0
configure:3684: result: yes
configure:3693: checking whether gcc accepts -g
configure:3713: gcc -c -g  conftest.c >&5
configure:3713: $? = 0
configure:3754: result: yes
configure:3771: checking for gcc option to accept ISO C89
configure:3834: gcc  -c -g -O2  conftest.c >&5
configure:3834: $? = 0
configure:3847: result: none needed
configure:3872: checking whether gcc understands -c and -o together
configure:3894: gcc -c conftest.c -o conftest2.o
configure:3897: $? = 0
configure:3894: gcc -c conftest.c -o conftest2.o
configure:3897: $? = 0
configure:3909: result: yes
configure:3932: checking how to run the C preprocessor
configure:3963: gcc -E  conftest.c
configure:3963: $? = 0
configure:3977: gcc -E  conftest.c
conftest.c:9:10: fatal error: 'ac_nonexistent.h' file not found
#include <ac_nonexistent.h>
         ^~~~~~~~~~~~~~~~~~
1 error generated.
configure:3977: $? = 1
configure: failed program was:
| /* confdefs.h */
| #define PACKAGE_NAME "nghttp2"
| #define PACKAGE_TARNAME "nghttp2"
| #define PACKAGE_VERSION "1.40.0"
| #define PACKAGE_STRING "nghttp2 1.40.0"
| #define PACKAGE_BUGREPORT "t-tujikawa@users.sourceforge.net"
| #define PACKAGE_URL ""
| /* end confdefs.h.  */
| #include <ac_nonexistent.h>
configure:4002: result: gcc -E
configure:4022: gcc -E  conftest.c
configure:4022: $? = 0
configure:4036: gcc -E  conftest.c
conftest.c:9:10: fatal error: 'ac_nonexistent.h' file not found
#include <ac_nonexistent.h>
         ^~~~~~~~~~~~~~~~~~
1 error generated.
configure:4036: $? = 1
configure: failed program was:
| /* confdefs.h */
| #define PACKAGE_NAME "nghttp2"
| #define PACKAGE_TARNAME "nghttp2"
| #define PACKAGE_VERSION "1.40.0"
| #define PACKAGE_STRING "nghttp2 1.40.0"
| #define PACKAGE_BUGREPORT "t-tujikawa@users.sourceforge.net"
| #define PACKAGE_URL ""
| /* end confdefs.h.  */
| #include <ac_nonexistent.h>
configure:4065: checking for grep that handles long lines and -e
configure:4123: result: /usr/bin/grep
configure:4128: checking for egrep
configure:4190: result: /usr/bin/grep -E
configure:4195: checking for ANSI C header files
configure:4215: gcc -c -g -O2  conftest.c >&5
configure:4215: $? = 0
configure:4288: gcc -o conftest -g -O2   conftest.c  >&5
configure:4288: $? = 0
configure:4288: ./conftest
configure:4288: $? = 0
configure:4299: result: yes
configure:4312: checking for sys/types.h
configure:4312: gcc -c -g -O2  conftest.c >&5
configure:4312: $? = 0
configure:4312: result: yes
configure:4312: checking for sys/stat.h
configure:4312: gcc -c -g -O2  conftest.c >&5
configure:4312: $? = 0
configure:4312: result: yes
configure:4312: checking for stdlib.h
configure:4312: gcc -c -g -O2  conftest.c >&5
configure:4312: $? = 0
configure:4312: result: yes
configure:4312: checking for string.h
configure:4312: gcc -c -g -O2  conftest.c >&5
configure:4312: $? = 0
configure:4312: result: yes
configure:4312: checking for memory.h
configure:4312: gcc -c -g -O2  conftest.c >&5
configure:4312: $? = 0
configure:4312: result: yes
configure:4312: checking for strings.h
configure:4312: gcc -c -g -O2  conftest.c >&5
configure:4312: $? = 0
configure:4312: result: yes
configure:4312: checking for inttypes.h
configure:4312: gcc -c -g -O2  conftest.c >&5
configure:4312: $? = 0
configure:4312: result: yes
configure:4312: checking for stdint.h
configure:4312: gcc -c -g -O2  conftest.c >&5
configure:4312: $? = 0
configure:4312: result: yes
configure:4312: checking for unistd.h
configure:4312: gcc -c -g -O2  conftest.c >&5
configure:4312: $? = 0
configure:4312: result: yes
configure:4325: checking minix/config.h usability
configure:4325: gcc -c -g -O2  conftest.c >&5
conftest.c:52:10: fatal error: 'minix/config.h' file not found
#include <minix/config.h>
         ^~~~~~~~~~~~~~~~
1 error generated.
configure:4325: $? = 1
configure: failed program was:
| /* confdefs.h */
| #define PACKAGE_NAME "nghttp2"
| #define PACKAGE_TARNAME "nghttp2"
| #define PACKAGE_VERSION "1.40.0"
| #define PACKAGE_STRING "nghttp2 1.40.0"
| #define PACKAGE_BUGREPORT "t-tujikawa@users.sourceforge.net"
| #define PACKAGE_URL ""
| #define STDC_HEADERS 1
| #define HAVE_SYS_TYPES_H 1
| #define HAVE_SYS_STAT_H 1
| #define HAVE_STDLIB_H 1
| #define HAVE_STRING_H 1
| #define HAVE_MEMORY_H 1
| #define HAVE_STRINGS_H 1
| #define HAVE_INTTYPES_H 1
| #define HAVE_STDINT_H 1
| #define HAVE_UNISTD_H 1
| /* end confdefs.h.  */
| #include <stdio.h>
| #ifdef HAVE_SYS_TYPES_H
| # include <sys/types.h>
| #endif
| #ifdef HAVE_SYS_STAT_H
| # include <sys/stat.h>
| #endif
| #ifdef STDC_HEADERS
| # include <stdlib.h>
| # include <stddef.h>
| #else
| # ifdef HAVE_STDLIB_H
| #  include <stdlib.h>
| # endif
| #endif
| #ifdef HAVE_STRING_H
| # if !defined STDC_HEADERS && defined HAVE_MEMORY_H
| #  include <memory.h>
| # endif
| # include <string.h>
| #endif
| #ifdef HAVE_STRINGS_H
| # include <strings.h>
| #endif
| #ifdef HAVE_INTTYPES_H
| # include <inttypes.h>
| #endif
| #ifdef HAVE_STDINT_H
| # include <stdint.h>
| #endif
| #ifdef HAVE_UNISTD_H
| # include <unistd.h>
| #endif
| #include <minix/config.h>
configure:4325: result: no
configure:4325: checking minix/config.h presence
configure:4325: gcc -E  conftest.c
conftest.c:19:10: fatal error: 'minix/config.h' file not found
#include <minix/config.h>
         ^~~~~~~~~~~~~~~~
1 error generated.
configure:4325: $? = 1
configure: failed program was:
| /* confdefs.h */
| #define PACKAGE_NAME "nghttp2"
| #define PACKAGE_TARNAME "nghttp2"
| #define PACKAGE_VERSION "1.40.0"
| #define PACKAGE_STRING "nghttp2 1.40.0"
| #define PACKAGE_BUGREPORT "t-tujikawa@users.sourceforge.net"
| #define PACKAGE_URL ""
| #define STDC_HEADERS 1
| #define HAVE_SYS_TYPES_H 1
| #define HAVE_SYS_STAT_H 1
| #define HAVE_STDLIB_H 1
| #define HAVE_STRING_H 1
| #define HAVE_MEMORY_H 1
| #define HAVE_STRINGS_H 1
| #define HAVE_INTTYPES_H 1
| #define HAVE_STDINT_H 1
| #define HAVE_UNISTD_H 1
| /* end confdefs.h.  */
| #include <minix/config.h>
configure:4325: result: no
configure:4325: checking for minix/config.h
configure:4325: result: no
configure:4346: checking whether it is safe to define __EXTENSIONS__
configure:4364: gcc -c -g -O2  conftest.c >&5
configure:4364: $? = 0
configure:4371: result: yes
configure:4416: checking build system type
configure:4430: result: x86_64-apple-darwin19.5.0
configure:4450: checking host system type
configure:4463: result: x86_64-apple-darwin19.5.0
configure:4504: checking how to print strings
configure:4531: result: printf
configure:4552: checking for a sed that does not truncate output
configure:4616: result: /usr/bin/sed
configure:4634: checking for fgrep
configure:4696: result: /usr/bin/grep -F
configure:4731: checking for ld used by gcc
configure:4798: result: /Library/Developer/CommandLineTools/usr/bin/ld
configure:4805: checking if the linker (/Library/Developer/CommandLineTools/usr/bin/ld) is GNU ld
configure:4820: result: no
configure:4832: checking for BSD- or MS-compatible name lister (nm)
configure:4886: result: /usr/bin/nm -B
configure:5016: checking the name lister (/usr/bin/nm -B) interface
configure:5023: gcc -c -g -O2  conftest.c >&5
configure:5026: /usr/bin/nm -B "conftest.o"
configure:5029: output
00000000000001d4 S _some_variable
configure:5036: result: BSD nm
configure:5039: checking whether ln -s works
configure:5043: result: yes
configure:5051: checking the maximum length of command line arguments
configure:5182: result: 196608
configure:5230: checking how to convert x86_64-apple-darwin19.5.0 file names to x86_64-apple-darwin19.5.0 format
configure:5270: result: func_convert_file_noop
configure:5277: checking how to convert x86_64-apple-darwin19.5.0 file names to toolchain format
configure:5297: result: func_convert_file_noop
configure:5304: checking for /Library/Developer/CommandLineTools/usr/bin/ld option to reload object files
configure:5311: result: -r
configure:5385: checking for objdump
configure:5401: found /usr/bin/objdump
configure:5412: result: objdump
configure:5444: checking how to recognize dependent libraries
configure:5644: result: pass_all
configure:5729: checking for dlltool
configure:5759: result: no
configure:5789: checking how to associate runtime and link libraries
configure:5816: result: printf %s\n
configure:5876: checking for ar
configure:5892: found /usr/bin/ar
configure:5903: result: ar
configure:5940: checking for archiver @FILE support
configure:5957: gcc -c -g -O2  conftest.c >&5
configure:5957: $? = 0
configure:5960: ar cru libconftest.a @conftest.lst >&5
ar: @conftest.lst: No such file or directory
configure:5963: $? = 1
configure:5983: result: no
configure:6041: checking for strip
configure:6057: found /usr/bin/strip
configure:6068: result: strip
configure:6140: checking for ranlib
configure:6156: found /usr/bin/ranlib
configure:6167: result: ranlib
configure:6244: checking for gawk
configure:6274: result: no
configure:6244: checking for mawk
configure:6274: result: no
configure:6244: checking for nawk
configure:6274: result: no
configure:6244: checking for awk
configure:6260: found /usr/bin/awk
configure:6271: result: awk
configure:6311: checking command to parse /usr/bin/nm -B output from gcc object
configure:6464: gcc -c -g -O2  conftest.c >&5
configure:6467: $? = 0
configure:6471: /usr/bin/nm -B conftest.o | sed -n -e 's/^.*[	 ]\([BCDEGRST][BCDEGRST]*\)[	 ][	 ]*\([_A-Za-z][_A-Za-z0-9]*\)$/\1 \2 \2/p' | sed '/ __gnu_lto/d' > conftest.nm
cannot find nm_test_var in conftest.nm
configure:6464: gcc -c -g -O2  conftest.c >&5
configure:6467: $? = 0
configure:6471: /usr/bin/nm -B conftest.o | sed -n -e 's/^.*[	 ]\([BCDEGRST][BCDEGRST]*\)[	 ][	 ]*_\([_A-Za-z][_A-Za-z0-9]*\)$/\1 _\2 \2/p' | sed '/ __gnu_lto/d' > conftest.nm
configure:6537: gcc -o conftest -g -O2   conftest.c conftstm.o >&5
warning: (x86_64)  could not find object file symbol for symbol _main
configure:6540: $? = 0
configure:6578: result: ok
configure:6625: checking for sysroot
configure:6655: result: no
configure:6662: checking for a working dd
configure:6700: result: /bin/dd
configure:6704: checking how to truncate binary pipes
configure:6719: result: /bin/dd bs=4096 count=1
configure:7048: checking for mt
configure:7078: result: no
configure:7098: checking if : is a manifest tool
configure:7104: : '-?'
configure:7112: result: no
configure:7168: checking for dsymutil
configure:7184: found /usr/bin/dsymutil
configure:7195: result: dsymutil
configure:7260: checking for nmedit
configure:7276: found /usr/bin/nmedit
configure:7287: result: nmedit
configure:7352: checking for lipo
configure:7368: found /usr/bin/lipo
configure:7379: result: lipo
configure:7444: checking for otool
configure:7460: found /usr/bin/otool
configure:7471: result: otool
configure:7536: checking for otool64
configure:7566: result: no
configure:7611: checking for -single_module linker flag
gcc -g -O2  -o libconftest.dylib -dynamiclib -Wl,-single_module conftest.c
configure:7644: result: yes
configure:7647: checking for -exported_symbols_list linker flag
configure:7667: gcc -o conftest -g -O2   -Wl,-exported_symbols_list,conftest.sym conftest.c  >&5
configure:7667: $? = 0
configure:7677: result: yes
configure:7680: checking for -force_load linker flag
gcc -g -O2 -c -o conftest.o conftest.c
ar cru libconftest.a conftest.o
ranlib libconftest.a
gcc -g -O2  -o conftest conftest.c -Wl,-force_load,./libconftest.a
configure:7712: result: yes
configure:7786: checking for dlfcn.h
configure:7786: gcc -c -g -O2  conftest.c >&5
configure:7786: $? = 0
configure:7786: result: yes
configure:8042: checking for objdir
configure:8057: result: .libs
configure:8321: checking if gcc supports -fno-rtti -fno-exceptions
configure:8339: gcc -c -g -O2  -fno-rtti -fno-exceptions conftest.c >&5
configure:8343: $? = 0
configure:8356: result: yes
configure:8720: checking for gcc option to produce PIC
configure:8727: result: -fno-common -DPIC
configure:8735: checking if gcc PIC flag -fno-common -DPIC works
configure:8753: gcc -c -g -O2  -fno-common -DPIC -DPIC conftest.c >&5
configure:8757: $? = 0
configure:8770: result: yes
configure:8799: checking if gcc static flag -static works
configure:8827: result: no
configure:8842: checking if gcc supports -c -o file.o
configure:8863: gcc -c -g -O2  -o out/conftest2.o conftest.c >&5
configure:8867: $? = 0
configure:8889: result: yes
configure:8897: checking if gcc supports -c -o file.o
configure:8944: result: yes
configure:8977: checking whether the gcc linker (/Library/Developer/CommandLineTools/usr/bin/ld) supports shared libraries
configure:10240: result: yes
configure:10480: checking dynamic linker characteristics
configure:11310: result: darwin19.5.0 dyld
configure:11432: checking how to hardcode library paths into programs
configure:11457: result: immediate
configure:12005: checking whether stripping libraries is possible
configure:12019: result: yes
configure:12045: checking if libtool supports shared libraries
configure:12047: result: yes
configure:12050: checking whether to build shared libraries
configure:12075: result: yes
configure:12078: checking whether to build static libraries
configure:12082: result: yes
configure:12122: checking target system type
configure:12135: result: x86_64-apple-darwin19.5.0
configure:12178: checking for a BSD-compatible install
configure:12246: result: /usr/bin/install -c
configure:12257: checking whether build environment is sane
configure:12312: result: yes
configure:12460: checking for a thread-safe mkdir -p
configure:12499: result: ./install-sh -c -d
configure:12502: checking whether make sets $(MAKE)
configure:12524: result: yes
configure:12546: checking whether make supports the include directive
configure:12561: make -f confmf.GNU && cat confinc.out
this is the am__doit target
configure:12564: $? = 0
configure:12583: result: yes (GNU style)
configure:12616: checking whether make supports nested variables
configure:12633: result: yes
configure:12718: checking dependency style of gcc
configure:12829: result: gcc3
configure:12899: checking whether make supports nested variables
configure:12916: result: yes
configure:13125: checking for gcc
configure:13152: result: gcc
configure:13381: checking for C compiler version
configure:13390: gcc --version >&5
Apple clang version 11.0.3 (clang-1103.0.32.62)
Target: x86_64-apple-darwin19.5.0
Thread model: posix
InstalledDir: /Library/Developer/CommandLineTools/usr/bin
Configured with: --prefix=/Library/Developer/CommandLineTools/usr --with-gxx-include-dir=/Library/Developer/CommandLineTools/SDKs/MacOSX.sdk/usr/include/c++/4.2.1
configure:13401: $? = 0
configure:13390: gcc -v >&5
Configured with: --prefix=/Library/Developer/CommandLineTools/usr --with-gxx-include-dir=/Library/Developer/CommandLineTools/SDKs/MacOSX.sdk/usr/include/c++/4.2.1
Apple clang version 11.0.3 (clang-1103.0.32.62)
Target: x86_64-apple-darwin19.5.0
Thread model: posix
InstalledDir: /Library/Developer/CommandLineTools/usr/bin
configure:13401: $? = 0
configure:13390: gcc -V >&5
clang: error: unsupported option '-V -Wno-objc-signed-char-bool-implicit-int-conversion'
clang: error: no input files
configure:13401: $? = 1
configure:13390: gcc -qversion >&5
clang: error: unknown argument '-qversion'; did you mean '--version'?
clang: error: no input files
configure:13401: $? = 1
configure:13405: checking whether we are using the GNU C compiler
configure:13433: result: yes
configure:13442: checking whether gcc accepts -g
configure:13503: result: yes
configure:13520: checking for gcc option to accept ISO C89
configure:13596: result: none needed
configure:13621: checking whether gcc understands -c and -o together
configure:13658: result: yes
configure:13733: checking for g++
configure:13749: found /usr/bin/g++
configure:13760: result: g++
configure:13787: checking for C++ compiler version
configure:13796: g++ --version >&5
Apple clang version 11.0.3 (clang-1103.0.32.62)
Target: x86_64-apple-darwin19.5.0
Thread model: posix
InstalledDir: /Library/Developer/CommandLineTools/usr/bin
Configured with: --prefix=/Library/Developer/CommandLineTools/usr --with-gxx-include-dir=/Library/Developer/CommandLineTools/SDKs/MacOSX.sdk/usr/include/c++/4.2.1
configure:13807: $? = 0
configure:13796: g++ -v >&5
Configured with: --prefix=/Library/Developer/CommandLineTools/usr --with-gxx-include-dir=/Library/Developer/CommandLineTools/SDKs/MacOSX.sdk/usr/include/c++/4.2.1
Apple clang version 11.0.3 (clang-1103.0.32.62)
Target: x86_64-apple-darwin19.5.0
Thread model: posix
InstalledDir: /Library/Developer/CommandLineTools/usr/bin
configure:13807: $? = 0
configure:13796: g++ -V >&5
clang: error: unsupported option '-V -Wno-objc-signed-char-bool-implicit-int-conversion'
clang: error: no input files
configure:13807: $? = 1
configure:13796: g++ -qversion >&5
clang: error: unknown argument '-qversion'; did you mean '--version'?
clang: error: no input files
configure:13807: $? = 1
configure:13811: checking whether we are using the GNU C++ compiler
configure:13830: g++ -c   conftest.cpp >&5
configure:13830: $? = 0
configure:13839: result: yes
configure:13848: checking whether g++ accepts -g
configure:13868: g++ -c -g  conftest.cpp >&5
configure:13868: $? = 0
configure:13909: result: yes
configure:13950: checking how to run the C++ preprocessor
configure:13977: g++ -E  conftest.cpp
configure:13977: $? = 0
configure:13991: g++ -E  conftest.cpp
conftest.cpp:28:10: fatal error: 'ac_nonexistent.h' file not found
#include <ac_nonexistent.h>
         ^~~~~~~~~~~~~~~~~~
1 error generated.
configure:13991: $? = 1
configure: failed program was:
| /* confdefs.h */
| #define PACKAGE_NAME "nghttp2"
| #define PACKAGE_TARNAME "nghttp2"
| #define PACKAGE_VERSION "1.40.0"
| #define PACKAGE_STRING "nghttp2 1.40.0"
| #define PACKAGE_BUGREPORT "t-tujikawa@users.sourceforge.net"
| #define PACKAGE_URL ""
| #define STDC_HEADERS 1
| #define HAVE_SYS_TYPES_H 1
| #define HAVE_SYS_STAT_H 1
| #define HAVE_STDLIB_H 1
| #define HAVE_STRING_H 1
| #define HAVE_MEMORY_H 1
| #define HAVE_STRINGS_H 1
| #define HAVE_INTTYPES_H 1
| #define HAVE_STDINT_H 1
| #define HAVE_UNISTD_H 1
| #define __EXTENSIONS__ 1
| #define _ALL_SOURCE 1
| #define _GNU_SOURCE 1
| #define _POSIX_PTHREAD_SEMANTICS 1
| #define _TANDEM_SOURCE 1
| #define HAVE_DLFCN_H 1
| #define LT_OBJDIR ".libs/"
| #define PACKAGE "nghttp2"
| #define VERSION "1.40.0"
| /* end confdefs.h.  */
| #include <ac_nonexistent.h>
configure:14016: result: g++ -E
configure:14036: g++ -E  conftest.cpp
configure:14036: $? = 0
configure:14050: g++ -E  conftest.cpp
conftest.cpp:28:10: fatal error: 'ac_nonexistent.h' file not found
#include <ac_nonexistent.h>
         ^~~~~~~~~~~~~~~~~~
1 error generated.
configure:14050: $? = 1
configure: failed program was:
| /* confdefs.h */
| #define PACKAGE_NAME "nghttp2"
| #define PACKAGE_TARNAME "nghttp2"
| #define PACKAGE_VERSION "1.40.0"
| #define PACKAGE_STRING "nghttp2 1.40.0"
| #define PACKAGE_BUGREPORT "t-tujikawa@users.sourceforge.net"
| #define PACKAGE_URL ""
| #define STDC_HEADERS 1
| #define HAVE_SYS_TYPES_H 1
| #define HAVE_SYS_STAT_H 1
| #define HAVE_STDLIB_H 1
| #define HAVE_STRING_H 1
| #define HAVE_MEMORY_H 1
| #define HAVE_STRINGS_H 1
| #define HAVE_INTTYPES_H 1
| #define HAVE_STDINT_H 1
| #define HAVE_UNISTD_H 1
| #define __EXTENSIONS__ 1
| #define _ALL_SOURCE 1
| #define _GNU_SOURCE 1
| #define _POSIX_PTHREAD_SEMANTICS 1
| #define _TANDEM_SOURCE 1
| #define HAVE_DLFCN_H 1
| #define LT_OBJDIR ".libs/"
| #define PACKAGE "nghttp2"
| #define VERSION "1.40.0"
| /* end confdefs.h.  */
| #include <ac_nonexistent.h>
configure:14212: checking for ld used by g++
configure:14279: result: /Library/Developer/CommandLineTools/usr/bin/ld
configure:14286: checking if the linker (/Library/Developer/CommandLineTools/usr/bin/ld) is GNU ld
configure:14301: result: no
configure:14356: checking whether the g++ linker (/Library/Developer/CommandLineTools/usr/bin/ld) supports shared libraries
configure:15429: result: yes
configure:15465: g++ -c -g -O2  conftest.cpp >&5
configure:15468: $? = 0
configure:15949: checking for g++ option to produce PIC
configure:15956: result: -fno-common -DPIC
configure:15964: checking if g++ PIC flag -fno-common -DPIC works
configure:15982: g++ -c -g -O2  -fno-common -DPIC -DPIC conftest.cpp >&5
configure:15986: $? = 0
configure:15999: result: yes
configure:16022: checking if g++ static flag -static works
configure:16050: result: no
configure:16062: checking if g++ supports -c -o file.o
configure:16083: g++ -c -g -O2  -o out/conftest2.o conftest.cpp >&5
configure:16087: $? = 0
configure:16109: result: yes
configure:16114: checking if g++ supports -c -o file.o
configure:16161: result: yes
configure:16191: checking whether the g++ linker (/Library/Developer/CommandLineTools/usr/bin/ld) supports shared libraries
configure:16234: result: yes
configure:16375: checking dynamic linker characteristics
configure:17132: result: darwin19.5.0 dyld
configure:17197: checking how to hardcode library paths into programs
configure:17222: result: immediate
configure:17264: checking dependency style of g++
configure:17375: result: gcc3
configure:17395: checking how to run the C preprocessor
configure:17465: result: gcc -E
configure:17485: gcc -E  conftest.c
configure:17485: $? = 0
configure:17499: gcc -E  conftest.c
conftest.c:28:10: fatal error: 'ac_nonexistent.h' file not found
#include <ac_nonexistent.h>
         ^~~~~~~~~~~~~~~~~~
1 error generated.
configure:17499: $? = 1
configure: failed program was:
| /* confdefs.h */
| #define PACKAGE_NAME "nghttp2"
| #define PACKAGE_TARNAME "nghttp2"
| #define PACKAGE_VERSION "1.40.0"
| #define PACKAGE_STRING "nghttp2 1.40.0"
| #define PACKAGE_BUGREPORT "t-tujikawa@users.sourceforge.net"
| #define PACKAGE_URL ""
| #define STDC_HEADERS 1
| #define HAVE_SYS_TYPES_H 1
| #define HAVE_SYS_STAT_H 1
| #define HAVE_STDLIB_H 1
| #define HAVE_STRING_H 1
| #define HAVE_MEMORY_H 1
| #define HAVE_STRINGS_H 1
| #define HAVE_INTTYPES_H 1
| #define HAVE_STDINT_H 1
| #define HAVE_UNISTD_H 1
| #define __EXTENSIONS__ 1
| #define _ALL_SOURCE 1
| #define _GNU_SOURCE 1
| #define _POSIX_PTHREAD_SEMANTICS 1
| #define _TANDEM_SOURCE 1
| #define HAVE_DLFCN_H 1
| #define LT_OBJDIR ".libs/"
| #define PACKAGE "nghttp2"
| #define VERSION "1.40.0"
| /* end confdefs.h.  */
| #include <ac_nonexistent.h>
configure:17528: checking whether ln -s works
configure:17532: result: yes
configure:17539: checking whether make sets $(MAKE)
configure:17561: result: yes
configure:17626: checking for pkg-config
configure:17644: found /usr/local/bin/pkg-config
configure:17656: result: /usr/local/bin/pkg-config
configure:17681: checking pkg-config is at least version 0.20
configure:17684: result: yes
configure:17728: checking for a Python interpreter with version >= 2.7
configure:17745: python -c import sys # split strings by '.' and convert to numeric. Append some zeros # because we need at least 4 digits for the hex conversion. # map returns an iterator in Python 3.0 and a list in 2.x minver = list(map(int, '2.7'.split('.'))) + [0, 0, 0] minverhex = 0 # xrange is not present in Python 3.0 and range returns an iterator for i in list(range(0, 4)): minverhex = (minverhex << 8) + minver[i] sys.exit(sys.hexversion < minverhex)
configure:17748: $? = 0
configure:17754: result: python
configure:17762: checking for python
configure:17780: found /usr/bin/python
configure:17792: result: /usr/bin/python
configure:17810: checking for python version
configure:17817: result: 2.7
configure:17829: checking for python platform
configure:17836: result: darwin
configure:17862: checking for python script directory
configure:17897: result: ${prefix}/lib/python2.7/site-packages
configure:17906: checking for python extension module directory
configure:17941: result: ${exec_prefix}/lib/python2.7/site-packages
configure:17971: checking for python2.7
configure:18001: result: /usr/bin/python
configure:18021: checking for a version of Python >= '2.1.0'
configure:18054: result: yes
configure:18066: checking for a version of Python >= '2.7'
configure:18072: result: yes
configure:18099: checking for the distutils Python package
configure:18103: result: yes
configure:18125: checking for Python include path
configure:18141: result: -I/System/Library/Frameworks/Python.framework/Versions/2.7/include/python2.7
configure:18148: checking for Python library path
configure:18230: result: -L/System/Library/Frameworks/Python.framework/Versions/2.7/lib -lpython2.7
configure:18241: checking for Python site-packages path
configure:18247: result: /Library/Python/2.7/site-packages
configure:18254: checking python extra libraries
configure:18261: result: -ldl  -framework CoreFoundation
configure:18268: checking python extra linking flags
configure:18275: result: -u _PyMac_Error /System/Library/Frameworks/Python.framework/Versions/2.7/Python
configure:18282: checking consistency of all components of python development environment
configure:18308: gcc -o conftest -g -O2  -I/System/Library/Frameworks/Python.framework/Versions/2.7/include/python2.7  conftest.c  -L/System/Library/Frameworks/Python.framework/Versions/2.7/lib -lpython2.7 -u _PyMac_Error /System/Library/Frameworks/Python.framework/Versions/2.7/Python -ldl  -framework CoreFoundation >&5
configure:18308: $? = 0
configure:18325: result: yes
configure:18375: checking for cython.py
configure:18405: result: no
configure:18375: checking for cython
configure:18405: result: no
configure:18445: checking whether g++ supports C++14 features with -std=c++14
configure:18861: g++ -std=c++14 -c   conftest.cpp >&5
configure:18861: $? = 0
configure:18870: result: yes
configure:18925: checking whether std::future is available
configure:18943: g++ -std=c++14 -c -g -O2   conftest.cpp >&5
configure:18943: $? = 0
configure:18948: result: yes
configure:18958: checking whether std::map::emplace is available
configure:18975: g++ -std=c++14 -c -g -O2   conftest.cpp >&5
configure:18975: $? = 0
configure:18980: result: yes
configure:18991: checking whether std::atomic_* overloads for std::shared_ptr are available
configure:19011: g++ -std=c++14 -c -g -O2   conftest.cpp >&5
configure:19011: $? = 0
configure:19016: result: yes
configure:19026: checking whether thread_local storage class specifier is available.
configure:19042: g++ -std=c++14 -c -g -O2   conftest.cpp >&5
configure:19042: $? = 0
configure:19047: result: yes
configure:19094: checking for ZLIB
configure:19101: $PKG_CONFIG --exists --print-errors "zlib >= 1.2.3"
configure:19104: $? = 0
configure:19118: $PKG_CONFIG --exists --print-errors "zlib >= 1.2.3"
configure:19121: $? = 0
configure:19159: result: yes
configure:19176: checking for library containing dlopen
configure:19207: gcc -o conftest -g -O2   conftest.c  >&5
configure:19207: $? = 0
configure:19224: result: none required
configure:19239: checking for CUNIT
configure:19246: $PKG_CONFIG --exists --print-errors "cunit >= 2.1"
Package cunit was not found in the pkg-config search path.
Perhaps you should add the directory containing `cunit.pc'
to the PKG_CONFIG_PATH environment variable
No package 'cunit' found
configure:19249: $? = 1
configure:19263: $PKG_CONFIG --exists --print-errors "cunit >= 2.1"
Package cunit was not found in the pkg-config search path.
Perhaps you should add the directory containing `cunit.pc'
to the PKG_CONFIG_PATH environment variable
No package 'cunit' found
configure:19266: $? = 1
configure:19280: result: no
No package 'cunit' found
configure:19311: WARNING: No package 'cunit' found
configure:19313: checking for CU_initialize_registry in -lcunit
configure:19338: gcc -o conftest -g -O2   conftest.c -lcunit   >&5
ld: library not found for -lcunit
clang: error: linker command failed with exit code 1 (use -v to see invocation)
configure:19338: $? = 1
configure: failed program was:
| /* confdefs.h */
| #define PACKAGE_NAME "nghttp2"
| #define PACKAGE_TARNAME "nghttp2"
| #define PACKAGE_VERSION "1.40.0"
| #define PACKAGE_STRING "nghttp2 1.40.0"
| #define PACKAGE_BUGREPORT "t-tujikawa@users.sourceforge.net"
| #define PACKAGE_URL ""
| #define STDC_HEADERS 1
| #define HAVE_SYS_TYPES_H 1
| #define HAVE_SYS_STAT_H 1
| #define HAVE_STDLIB_H 1
| #define HAVE_STRING_H 1
| #define HAVE_MEMORY_H 1
| #define HAVE_STRINGS_H 1
| #define HAVE_INTTYPES_H 1
| #define HAVE_STDINT_H 1
| #define HAVE_UNISTD_H 1
| #define __EXTENSIONS__ 1
| #define _ALL_SOURCE 1
| #define _GNU_SOURCE 1
| #define _POSIX_PTHREAD_SEMANTICS 1
| #define _TANDEM_SOURCE 1
| #define HAVE_DLFCN_H 1
| #define LT_OBJDIR ".libs/"
| #define PACKAGE "nghttp2"
| #define VERSION "1.40.0"
| #define HAVE_PYTHON "2.7"
| #define NGHTTP2_NORETURN __attribute__((noreturn))
| #define HAVE_CXX14 1
| #define HAVE_STD_FUTURE 1
| #define HAVE_STD_MAP_EMPLACE 1
| #define HAVE_ATOMIC_STD_SHARED_PTR 1
| #define HAVE_THREAD_LOCAL 1
| /* end confdefs.h.  */
| 
| /* Override any GCC internal prototype to avoid an error.
|    Use char because int might match the return type of a GCC
|    builtin and then its argument prototype would still apply.  */
| #ifdef __cplusplus
| extern "C"
| #endif
| char CU_initialize_registry ();
| int
| main ()
| {
| return CU_initialize_registry ();
|   ;
|   return 0;
| }
configure:19347: result: no
configure:19387: checking for ev_time in -lev
configure:19412: gcc -o conftest -g -O2   conftest.c -lev -lm  >&5
configure:19412: $? = 0
configure:19421: result: yes
configure:19430: checking ev.h usability
configure:19430: gcc -c -g -O2  conftest.c >&5
configure:19430: $? = 0
configure:19430: result: yes
configure:19430: checking ev.h presence
configure:19430: gcc -E  conftest.c
configure:19430: $? = 0
configure:19430: result: yes
configure:19430: checking for ev.h
configure:19430: result: yes
configure:19450: checking for OPENSSL
configure:19457: $PKG_CONFIG --exists --print-errors "openssl >= 1.0.1"
Package openssl was not found in the pkg-config search path.
Perhaps you should add the directory containing `openssl.pc'
to the PKG_CONFIG_PATH environment variable
No package 'openssl' found
configure:19460: $? = 1
configure:19474: $PKG_CONFIG --exists --print-errors "openssl >= 1.0.1"
Package openssl was not found in the pkg-config search path.
Perhaps you should add the directory containing `openssl.pc'
to the PKG_CONFIG_PATH environment variable
No package 'openssl' found
configure:19477: $? = 1
configure:19491: result: no
No package 'openssl' found
configure:19520: No package 'openssl' found
configure:19527: checking for LIBCARES
configure:19534: $PKG_CONFIG --exists --print-errors "libcares >= 1.7.5"
configure:19537: $? = 0
configure:19551: $PKG_CONFIG --exists --print-errors "libcares >= 1.7.5"
configure:19554: $? = 0
configure:19592: result: yes
configure:19605: checking for LIBEVENT_OPENSSL
configure:19612: $PKG_CONFIG --exists --print-errors "libevent_openssl >= 2.0.8"
configure:19615: $? = 0
configure:19629: $PKG_CONFIG --exists --print-errors "libevent_openssl >= 2.0.8"
configure:19632: $? = 0
configure:19670: result: yes
configure:19682: checking for JANSSON
configure:19689: $PKG_CONFIG --exists --print-errors "jansson >= 2.5"
configure:19692: $? = 0
configure:19706: $PKG_CONFIG --exists --print-errors "jansson >= 2.5"
configure:19709: $? = 0
configure:19747: result: yes
configure:19766: checking for SYSTEMD
configure:19773: $PKG_CONFIG --exists --print-errors "libsystemd >= 209"
Package libsystemd was not found in the pkg-config search path.
Perhaps you should add the directory containing `libsystemd.pc'
to the PKG_CONFIG_PATH environment variable
No package 'libsystemd' found
configure:19776: $? = 1
configure:19790: $PKG_CONFIG --exists --print-errors "libsystemd >= 209"
Package libsystemd was not found in the pkg-config search path.
Perhaps you should add the directory containing `libsystemd.pc'
to the PKG_CONFIG_PATH environment variable
No package 'libsystemd' found
configure:19793: $? = 1
configure:19807: result: no
No package 'libsystemd' found
configure:19840: No package 'libsystemd' found
configure:19853: checking for LIBXML2
configure:19860: $PKG_CONFIG --exists --print-errors "libxml-2.0 >= 2.6.26"
configure:19863: $? = 0
configure:19877: $PKG_CONFIG --exists --print-errors "libxml-2.0 >= 2.6.26"
configure:19880: $? = 0
configure:19918: result: yes
configure:19949: checking for library containing malloc_stats_print
configure:19980: gcc -o conftest -g -O2   conftest.c  >&5
Undefined symbols for architecture x86_64:
  "_malloc_stats_print", referenced from:
      _main in conftest-03994e.o
ld: symbol(s) not found for architecture x86_64
clang: error: linker command failed with exit code 1 (use -v to see invocation)
configure:19980: $? = 1
configure: failed program was:
| /* confdefs.h */
| #define PACKAGE_NAME "nghttp2"
| #define PACKAGE_TARNAME "nghttp2"
| #define PACKAGE_VERSION "1.40.0"
| #define PACKAGE_STRING "nghttp2 1.40.0"
| #define PACKAGE_BUGREPORT "t-tujikawa@users.sourceforge.net"
| #define PACKAGE_URL ""
| #define STDC_HEADERS 1
| #define HAVE_SYS_TYPES_H 1
| #define HAVE_SYS_STAT_H 1
| #define HAVE_STDLIB_H 1
| #define HAVE_STRING_H 1
| #define HAVE_MEMORY_H 1
| #define HAVE_STRINGS_H 1
| #define HAVE_INTTYPES_H 1
| #define HAVE_STDINT_H 1
| #define HAVE_UNISTD_H 1
| #define __EXTENSIONS__ 1
| #define _ALL_SOURCE 1
| #define _GNU_SOURCE 1
| #define _POSIX_PTHREAD_SEMANTICS 1
| #define _TANDEM_SOURCE 1
| #define HAVE_DLFCN_H 1
| #define LT_OBJDIR ".libs/"
| #define PACKAGE "nghttp2"
| #define VERSION "1.40.0"
| #define HAVE_PYTHON "2.7"
| #define NGHTTP2_NORETURN __attribute__((noreturn))
| #define HAVE_CXX14 1
| #define HAVE_STD_FUTURE 1
| #define HAVE_STD_MAP_EMPLACE 1
| #define HAVE_ATOMIC_STD_SHARED_PTR 1
| #define HAVE_THREAD_LOCAL 1
| #define HAVE_JANSSON 1
| #define HAVE_LIBXML2 1
| /* end confdefs.h.  */
| 
| /* Override any GCC internal prototype to avoid an error.
|    Use char because int might match the return type of a GCC
|    builtin and then its argument prototype would still apply.  */
| #ifdef __cplusplus
| extern "C"
| #endif
| char malloc_stats_print ();
| int
| main ()
| {
| return malloc_stats_print ();
|   ;
|   return 0;
| }
configure:19980: gcc -o conftest -g -O2   conftest.c -ljemalloc -pthread  >&5
configure:19980: $? = 0
configure:19997: result: -ljemalloc
configure:21266: checking whether to enable assertions
configure:21284: result: yes
configure:21307: checking arpa/inet.h usability
configure:21307: gcc -c -g -O2  conftest.c >&5
configure:21307: $? = 0
configure:21307: result: yes
configure:21307: checking arpa/inet.h presence
configure:21307: gcc -E  conftest.c
configure:21307: $? = 0
configure:21307: result: yes
configure:21307: checking for arpa/inet.h
configure:21307: result: yes
configure:21307: checking fcntl.h usability
configure:21307: gcc -c -g -O2  conftest.c >&5
configure:21307: $? = 0
configure:21307: result: yes
configure:21307: checking fcntl.h presence
configure:21307: gcc -E  conftest.c
configure:21307: $? = 0
configure:21307: result: yes
configure:21307: checking for fcntl.h
configure:21307: result: yes
configure:21307: checking for inttypes.h
configure:21307: result: yes
configure:21307: checking limits.h usability
configure:21307: gcc -c -g -O2  conftest.c >&5
configure:21307: $? = 0
configure:21307: result: yes
configure:21307: checking limits.h presence
configure:21307: gcc -E  conftest.c
configure:21307: $? = 0
configure:21307: result: yes
configure:21307: checking for limits.h
configure:21307: result: yes
configure:21307: checking netdb.h usability
configure:21307: gcc -c -g -O2  conftest.c >&5
configure:21307: $? = 0
configure:21307: result: yes
configure:21307: checking netdb.h presence
configure:21307: gcc -E  conftest.c
configure:21307: $? = 0
configure:21307: result: yes
configure:21307: checking for netdb.h
configure:21307: result: yes
configure:21307: checking netinet/in.h usability
configure:21307: gcc -c -g -O2  conftest.c >&5
configure:21307: $? = 0
configure:21307: result: yes
configure:21307: checking netinet/in.h presence
configure:21307: gcc -E  conftest.c
configure:21307: $? = 0
configure:21307: result: yes
configure:21307: checking for netinet/in.h
configure:21307: result: yes
configure:21307: checking pwd.h usability
configure:21307: gcc -c -g -O2  conftest.c >&5
configure:21307: $? = 0
configure:21307: result: yes
configure:21307: checking pwd.h presence
configure:21307: gcc -E  conftest.c
configure:21307: $? = 0
configure:21307: result: yes
configure:21307: checking for pwd.h
configure:21307: result: yes
configure:21307: checking stddef.h usability
configure:21307: gcc -c -g -O2  conftest.c >&5
configure:21307: $? = 0
configure:21307: result: yes
configure:21307: checking stddef.h presence
configure:21307: gcc -E  conftest.c
configure:21307: $? = 0
configure:21307: result: yes
configure:21307: checking for stddef.h
configure:21307: result: yes
configure:21307: checking for stdint.h
configure:21307: result: yes
configure:21307: checking for stdlib.h
configure:21307: result: yes
configure:21307: checking for string.h
configure:21307: result: yes
configure:21307: checking sys/socket.h usability
configure:21307: gcc -c -g -O2  conftest.c >&5
configure:21307: $? = 0
configure:21307: result: yes
configure:21307: checking sys/socket.h presence
configure:21307: gcc -E  conftest.c
configure:21307: $? = 0
configure:21307: result: yes
configure:21307: checking for sys/socket.h
configure:21307: result: yes
configure:21307: checking sys/time.h usability
configure:21307: gcc -c -g -O2  conftest.c >&5
configure:21307: $? = 0
configure:21307: result: yes
configure:21307: checking sys/time.h presence
configure:21307: gcc -E  conftest.c
configure:21307: $? = 0
configure:21307: result: yes
configure:21307: checking for sys/time.h
configure:21307: result: yes
configure:21307: checking syslog.h usability
configure:21307: gcc -c -g -O2  conftest.c >&5
configure:21307: $? = 0
configure:21307: result: yes
configure:21307: checking syslog.h presence
configure:21307: gcc -E  conftest.c
configure:21307: $? = 0
configure:21307: result: yes
configure:21307: checking for syslog.h
configure:21307: result: yes
configure:21307: checking time.h usability
configure:21307: gcc -c -g -O2  conftest.c >&5
configure:21307: $? = 0
configure:21307: result: yes
configure:21307: checking time.h presence
configure:21307: gcc -E  conftest.c
configure:21307: $? = 0
configure:21307: result: yes
configure:21307: checking for time.h
configure:21307: result: yes
configure:21307: checking for unistd.h
configure:21307: result: yes
configure:21319: checking for size_t
configure:21319: gcc -c -g -O2  conftest.c >&5
configure:21319: $? = 0
configure:21319: gcc -c -g -O2  conftest.c >&5
conftest.c:89:21: error: expected expression
if (sizeof ((size_t)))
                    ^
1 error generated.
configure:21319: $? = 1
configure: failed program was:
| /* confdefs.h */
| #define PACKAGE_NAME "nghttp2"
| #define PACKAGE_TARNAME "nghttp2"
| #define PACKAGE_VERSION "1.40.0"
| #define PACKAGE_STRING "nghttp2 1.40.0"
| #define PACKAGE_BUGREPORT "t-tujikawa@users.sourceforge.net"
| #define PACKAGE_URL ""
| #define STDC_HEADERS 1
| #define HAVE_SYS_TYPES_H 1
| #define HAVE_SYS_STAT_H 1
| #define HAVE_STDLIB_H 1
| #define HAVE_STRING_H 1
| #define HAVE_MEMORY_H 1
| #define HAVE_STRINGS_H 1
| #define HAVE_INTTYPES_H 1
| #define HAVE_STDINT_H 1
| #define HAVE_UNISTD_H 1
| #define __EXTENSIONS__ 1
| #define _ALL_SOURCE 1
| #define _GNU_SOURCE 1
| #define _POSIX_PTHREAD_SEMANTICS 1
| #define _TANDEM_SOURCE 1
| #define HAVE_DLFCN_H 1
| #define LT_OBJDIR ".libs/"
| #define PACKAGE "nghttp2"
| #define VERSION "1.40.0"
| #define HAVE_PYTHON "2.7"
| #define NGHTTP2_NORETURN __attribute__((noreturn))
| #define HAVE_CXX14 1
| #define HAVE_STD_FUTURE 1
| #define HAVE_STD_MAP_EMPLACE 1
| #define HAVE_ATOMIC_STD_SHARED_PTR 1
| #define HAVE_THREAD_LOCAL 1
| #define HAVE_JANSSON 1
| #define HAVE_LIBXML2 1
| #define HAVE_ARPA_INET_H 1
| #define HAVE_FCNTL_H 1
| #define HAVE_INTTYPES_H 1
| #define HAVE_LIMITS_H 1
| #define HAVE_NETDB_H 1
| #define HAVE_NETINET_IN_H 1
| #define HAVE_PWD_H 1
| #define HAVE_STDDEF_H 1
| #define HAVE_STDINT_H 1
| #define HAVE_STDLIB_H 1
| #define HAVE_STRING_H 1
| #define HAVE_SYS_SOCKET_H 1
| #define HAVE_SYS_TIME_H 1
| #define HAVE_SYSLOG_H 1
| #define HAVE_TIME_H 1
| #define HAVE_UNISTD_H 1
| /* end confdefs.h.  */
| #include <stdio.h>
| #ifdef HAVE_SYS_TYPES_H
| # include <sys/types.h>
| #endif
| #ifdef HAVE_SYS_STAT_H
| # include <sys/stat.h>
| #endif
| #ifdef STDC_HEADERS
| # include <stdlib.h>
| # include <stddef.h>
| #else
| # ifdef HAVE_STDLIB_H
| #  include <stdlib.h>
| # endif
| #endif
| #ifdef HAVE_STRING_H
| # if !defined STDC_HEADERS && defined HAVE_MEMORY_H
| #  include <memory.h>
| # endif
| # include <string.h>
| #endif
| #ifdef HAVE_STRINGS_H
| # include <strings.h>
| #endif
| #ifdef HAVE_INTTYPES_H
| # include <inttypes.h>
| #endif
| #ifdef HAVE_STDINT_H
| # include <stdint.h>
| #endif
| #ifdef HAVE_UNISTD_H
| # include <unistd.h>
| #endif
| int
| main ()
| {
| if (sizeof ((size_t)))
| 	    return 0;
|   ;
|   return 0;
| }
configure:21319: result: yes
configure:21330: checking for ssize_t
configure:21330: gcc -c -g -O2  conftest.c >&5
configure:21330: $? = 0
configure:21330: gcc -c -g -O2  conftest.c >&5
conftest.c:89:22: error: expected expression
if (sizeof ((ssize_t)))
                     ^
1 error generated.
configure:21330: $? = 1
configure: failed program was:
| /* confdefs.h */
| #define PACKAGE_NAME "nghttp2"
| #define PACKAGE_TARNAME "nghttp2"
| #define PACKAGE_VERSION "1.40.0"
| #define PACKAGE_STRING "nghttp2 1.40.0"
| #define PACKAGE_BUGREPORT "t-tujikawa@users.sourceforge.net"
| #define PACKAGE_URL ""
| #define STDC_HEADERS 1
| #define HAVE_SYS_TYPES_H 1
| #define HAVE_SYS_STAT_H 1
| #define HAVE_STDLIB_H 1
| #define HAVE_STRING_H 1
| #define HAVE_MEMORY_H 1
| #define HAVE_STRINGS_H 1
| #define HAVE_INTTYPES_H 1
| #define HAVE_STDINT_H 1
| #define HAVE_UNISTD_H 1
| #define __EXTENSIONS__ 1
| #define _ALL_SOURCE 1
| #define _GNU_SOURCE 1
| #define _POSIX_PTHREAD_SEMANTICS 1
| #define _TANDEM_SOURCE 1
| #define HAVE_DLFCN_H 1
| #define LT_OBJDIR ".libs/"
| #define PACKAGE "nghttp2"
| #define VERSION "1.40.0"
| #define HAVE_PYTHON "2.7"
| #define NGHTTP2_NORETURN __attribute__((noreturn))
| #define HAVE_CXX14 1
| #define HAVE_STD_FUTURE 1
| #define HAVE_STD_MAP_EMPLACE 1
| #define HAVE_ATOMIC_STD_SHARED_PTR 1
| #define HAVE_THREAD_LOCAL 1
| #define HAVE_JANSSON 1
| #define HAVE_LIBXML2 1
| #define HAVE_ARPA_INET_H 1
| #define HAVE_FCNTL_H 1
| #define HAVE_INTTYPES_H 1
| #define HAVE_LIMITS_H 1
| #define HAVE_NETDB_H 1
| #define HAVE_NETINET_IN_H 1
| #define HAVE_PWD_H 1
| #define HAVE_STDDEF_H 1
| #define HAVE_STDINT_H 1
| #define HAVE_STDLIB_H 1
| #define HAVE_STRING_H 1
| #define HAVE_SYS_SOCKET_H 1
| #define HAVE_SYS_TIME_H 1
| #define HAVE_SYSLOG_H 1
| #define HAVE_TIME_H 1
| #define HAVE_UNISTD_H 1
| /* end confdefs.h.  */
| #include <stdio.h>
| #ifdef HAVE_SYS_TYPES_H
| # include <sys/types.h>
| #endif
| #ifdef HAVE_SYS_STAT_H
| # include <sys/stat.h>
| #endif
| #ifdef STDC_HEADERS
| # include <stdlib.h>
| # include <stddef.h>
| #else
| # ifdef HAVE_STDLIB_H
| #  include <stdlib.h>
| # endif
| #endif
| #ifdef HAVE_STRING_H
| # if !defined STDC_HEADERS && defined HAVE_MEMORY_H
| #  include <memory.h>
| # endif
| # include <string.h>
| #endif
| #ifdef HAVE_STRINGS_H
| # include <strings.h>
| #endif
| #ifdef HAVE_INTTYPES_H
| # include <inttypes.h>
| #endif
| #ifdef HAVE_STDINT_H
| # include <stdint.h>
| #endif
| #ifdef HAVE_UNISTD_H
| # include <unistd.h>
| #endif
| int
| main ()
| {
| if (sizeof ((ssize_t)))
| 	    return 0;
|   ;
|   return 0;
| }
configure:21330: result: yes
configure:21341: checking for uint8_t
configure:21341: gcc -c -g -O2  conftest.c >&5
configure:21341: $? = 0
configure:21341: result: yes
configure:21355: checking for uint16_t
configure:21355: gcc -c -g -O2  conftest.c >&5
configure:21355: $? = 0
configure:21355: result: yes
configure:21367: checking for uint32_t
configure:21367: gcc -c -g -O2  conftest.c >&5
configure:21367: $? = 0
configure:21367: result: yes
configure:21381: checking for uint64_t
configure:21381: gcc -c -g -O2  conftest.c >&5
configure:21381: $? = 0
configure:21381: result: yes
configure:21395: checking for int8_t
configure:21395: gcc -c -g -O2  conftest.c >&5
configure:21395: $? = 0
configure:21395: gcc -c -g -O2  conftest.c >&5
conftest.c:90:24: error: 'test_array' declared as an array with a negative size
static int test_array [1 - 2 * !((int8_t) (((((int8_t) 1 << N) << N) - 1) * 2 + 1)
                       ^~~~~~~~~~~~~~~~~~~~~~~~~~~~~~~~~~~~~~~~~~~~~~~~~~~~~~~~~~~
1 error generated.
configure:21395: $? = 1
configure: failed program was:
| /* confdefs.h */
| #define PACKAGE_NAME "nghttp2"
| #define PACKAGE_TARNAME "nghttp2"
| #define PACKAGE_VERSION "1.40.0"
| #define PACKAGE_STRING "nghttp2 1.40.0"
| #define PACKAGE_BUGREPORT "t-tujikawa@users.sourceforge.net"
| #define PACKAGE_URL ""
| #define STDC_HEADERS 1
| #define HAVE_SYS_TYPES_H 1
| #define HAVE_SYS_STAT_H 1
| #define HAVE_STDLIB_H 1
| #define HAVE_STRING_H 1
| #define HAVE_MEMORY_H 1
| #define HAVE_STRINGS_H 1
| #define HAVE_INTTYPES_H 1
| #define HAVE_STDINT_H 1
| #define HAVE_UNISTD_H 1
| #define __EXTENSIONS__ 1
| #define _ALL_SOURCE 1
| #define _GNU_SOURCE 1
| #define _POSIX_PTHREAD_SEMANTICS 1
| #define _TANDEM_SOURCE 1
| #define HAVE_DLFCN_H 1
| #define LT_OBJDIR ".libs/"
| #define PACKAGE "nghttp2"
| #define VERSION "1.40.0"
| #define HAVE_PYTHON "2.7"
| #define NGHTTP2_NORETURN __attribute__((noreturn))
| #define HAVE_CXX14 1
| #define HAVE_STD_FUTURE 1
| #define HAVE_STD_MAP_EMPLACE 1
| #define HAVE_ATOMIC_STD_SHARED_PTR 1
| #define HAVE_THREAD_LOCAL 1
| #define HAVE_JANSSON 1
| #define HAVE_LIBXML2 1
| #define HAVE_ARPA_INET_H 1
| #define HAVE_FCNTL_H 1
| #define HAVE_INTTYPES_H 1
| #define HAVE_LIMITS_H 1
| #define HAVE_NETDB_H 1
| #define HAVE_NETINET_IN_H 1
| #define HAVE_PWD_H 1
| #define HAVE_STDDEF_H 1
| #define HAVE_STDINT_H 1
| #define HAVE_STDLIB_H 1
| #define HAVE_STRING_H 1
| #define HAVE_SYS_SOCKET_H 1
| #define HAVE_SYS_TIME_H 1
| #define HAVE_SYSLOG_H 1
| #define HAVE_TIME_H 1
| #define HAVE_UNISTD_H 1
| /* end confdefs.h.  */
| #include <stdio.h>
| #ifdef HAVE_SYS_TYPES_H
| # include <sys/types.h>
| #endif
| #ifdef HAVE_SYS_STAT_H
| # include <sys/stat.h>
| #endif
| #ifdef STDC_HEADERS
| # include <stdlib.h>
| # include <stddef.h>
| #else
| # ifdef HAVE_STDLIB_H
| #  include <stdlib.h>
| # endif
| #endif
| #ifdef HAVE_STRING_H
| # if !defined STDC_HEADERS && defined HAVE_MEMORY_H
| #  include <memory.h>
| # endif
| # include <string.h>
| #endif
| #ifdef HAVE_STRINGS_H
| # include <strings.h>
| #endif
| #ifdef HAVE_INTTYPES_H
| # include <inttypes.h>
| #endif
| #ifdef HAVE_STDINT_H
| # include <stdint.h>
| #endif
| #ifdef HAVE_UNISTD_H
| # include <unistd.h>
| #endif
| 	        enum { N = 8 / 2 - 1 };
| int
| main ()
| {
| static int test_array [1 - 2 * !((int8_t) (((((int8_t) 1 << N) << N) - 1) * 2 + 1)
| 		 < (int8_t) (((((int8_t) 1 << N) << N) - 1) * 2 + 2))];
| test_array [0] = 0;
| return test_array [0];
| 
|   ;
|   return 0;
| }
configure:21395: result: yes
configure:21406: checking for int16_t
configure:21406: gcc -c -g -O2  conftest.c >&5
configure:21406: $? = 0
configure:21406: gcc -c -g -O2  conftest.c >&5
conftest.c:90:24: error: 'test_array' declared as an array with a negative size
static int test_array [1 - 2 * !((int16_t) (((((int16_t) 1 << N) << N) - 1) * 2 + 1)
                       ^~~~~~~~~~~~~~~~~~~~~~~~~~~~~~~~~~~~~~~~~~~~~~~~~~~~~~~~~~~~~
1 error generated.
configure:21406: $? = 1
configure: failed program was:
| /* confdefs.h */
| #define PACKAGE_NAME "nghttp2"
| #define PACKAGE_TARNAME "nghttp2"
| #define PACKAGE_VERSION "1.40.0"
| #define PACKAGE_STRING "nghttp2 1.40.0"
| #define PACKAGE_BUGREPORT "t-tujikawa@users.sourceforge.net"
| #define PACKAGE_URL ""
| #define STDC_HEADERS 1
| #define HAVE_SYS_TYPES_H 1
| #define HAVE_SYS_STAT_H 1
| #define HAVE_STDLIB_H 1
| #define HAVE_STRING_H 1
| #define HAVE_MEMORY_H 1
| #define HAVE_STRINGS_H 1
| #define HAVE_INTTYPES_H 1
| #define HAVE_STDINT_H 1
| #define HAVE_UNISTD_H 1
| #define __EXTENSIONS__ 1
| #define _ALL_SOURCE 1
| #define _GNU_SOURCE 1
| #define _POSIX_PTHREAD_SEMANTICS 1
| #define _TANDEM_SOURCE 1
| #define HAVE_DLFCN_H 1
| #define LT_OBJDIR ".libs/"
| #define PACKAGE "nghttp2"
| #define VERSION "1.40.0"
| #define HAVE_PYTHON "2.7"
| #define NGHTTP2_NORETURN __attribute__((noreturn))
| #define HAVE_CXX14 1
| #define HAVE_STD_FUTURE 1
| #define HAVE_STD_MAP_EMPLACE 1
| #define HAVE_ATOMIC_STD_SHARED_PTR 1
| #define HAVE_THREAD_LOCAL 1
| #define HAVE_JANSSON 1
| #define HAVE_LIBXML2 1
| #define HAVE_ARPA_INET_H 1
| #define HAVE_FCNTL_H 1
| #define HAVE_INTTYPES_H 1
| #define HAVE_LIMITS_H 1
| #define HAVE_NETDB_H 1
| #define HAVE_NETINET_IN_H 1
| #define HAVE_PWD_H 1
| #define HAVE_STDDEF_H 1
| #define HAVE_STDINT_H 1
| #define HAVE_STDLIB_H 1
| #define HAVE_STRING_H 1
| #define HAVE_SYS_SOCKET_H 1
| #define HAVE_SYS_TIME_H 1
| #define HAVE_SYSLOG_H 1
| #define HAVE_TIME_H 1
| #define HAVE_UNISTD_H 1
| /* end confdefs.h.  */
| #include <stdio.h>
| #ifdef HAVE_SYS_TYPES_H
| # include <sys/types.h>
| #endif
| #ifdef HAVE_SYS_STAT_H
| # include <sys/stat.h>
| #endif
| #ifdef STDC_HEADERS
| # include <stdlib.h>
| # include <stddef.h>
| #else
| # ifdef HAVE_STDLIB_H
| #  include <stdlib.h>
| # endif
| #endif
| #ifdef HAVE_STRING_H
| # if !defined STDC_HEADERS && defined HAVE_MEMORY_H
| #  include <memory.h>
| # endif
| # include <string.h>
| #endif
| #ifdef HAVE_STRINGS_H
| # include <strings.h>
| #endif
| #ifdef HAVE_INTTYPES_H
| # include <inttypes.h>
| #endif
| #ifdef HAVE_STDINT_H
| # include <stdint.h>
| #endif
| #ifdef HAVE_UNISTD_H
| # include <unistd.h>
| #endif
| 	        enum { N = 16 / 2 - 1 };
| int
| main ()
| {
| static int test_array [1 - 2 * !((int16_t) (((((int16_t) 1 << N) << N) - 1) * 2 + 1)
| 		 < (int16_t) (((((int16_t) 1 << N) << N) - 1) * 2 + 2))];
| test_array [0] = 0;
| return test_array [0];
| 
|   ;
|   return 0;
| }
configure:21406: result: yes
configure:21417: checking for int32_t
configure:21417: gcc -c -g -O2  conftest.c >&5
configure:21417: $? = 0
configure:21417: gcc -c -g -O2  conftest.c >&5
conftest.c:91:53: warning: overflow in expression; result is -2147483648 with type 'int' [-Winteger-overflow]
                 < (int32_t) (((((int32_t) 1 << N) << N) - 1) * 2 + 2))];
                                                                  ^
conftest.c:90:24: error: 'test_array' declared as an array with a negative size
static int test_array [1 - 2 * !((int32_t) (((((int32_t) 1 << N) << N) - 1) * 2 + 1)
                       ^~~~~~~~~~~~~~~~~~~~~~~~~~~~~~~~~~~~~~~~~~~~~~~~~~~~~~~~~~~~~
1 warning and 1 error generated.
configure:21417: $? = 1
configure: failed program was:
| /* confdefs.h */
| #define PACKAGE_NAME "nghttp2"
| #define PACKAGE_TARNAME "nghttp2"
| #define PACKAGE_VERSION "1.40.0"
| #define PACKAGE_STRING "nghttp2 1.40.0"
| #define PACKAGE_BUGREPORT "t-tujikawa@users.sourceforge.net"
| #define PACKAGE_URL ""
| #define STDC_HEADERS 1
| #define HAVE_SYS_TYPES_H 1
| #define HAVE_SYS_STAT_H 1
| #define HAVE_STDLIB_H 1
| #define HAVE_STRING_H 1
| #define HAVE_MEMORY_H 1
| #define HAVE_STRINGS_H 1
| #define HAVE_INTTYPES_H 1
| #define HAVE_STDINT_H 1
| #define HAVE_UNISTD_H 1
| #define __EXTENSIONS__ 1
| #define _ALL_SOURCE 1
| #define _GNU_SOURCE 1
| #define _POSIX_PTHREAD_SEMANTICS 1
| #define _TANDEM_SOURCE 1
| #define HAVE_DLFCN_H 1
| #define LT_OBJDIR ".libs/"
| #define PACKAGE "nghttp2"
| #define VERSION "1.40.0"
| #define HAVE_PYTHON "2.7"
| #define NGHTTP2_NORETURN __attribute__((noreturn))
| #define HAVE_CXX14 1
| #define HAVE_STD_FUTURE 1
| #define HAVE_STD_MAP_EMPLACE 1
| #define HAVE_ATOMIC_STD_SHARED_PTR 1
| #define HAVE_THREAD_LOCAL 1
| #define HAVE_JANSSON 1
| #define HAVE_LIBXML2 1
| #define HAVE_ARPA_INET_H 1
| #define HAVE_FCNTL_H 1
| #define HAVE_INTTYPES_H 1
| #define HAVE_LIMITS_H 1
| #define HAVE_NETDB_H 1
| #define HAVE_NETINET_IN_H 1
| #define HAVE_PWD_H 1
| #define HAVE_STDDEF_H 1
| #define HAVE_STDINT_H 1
| #define HAVE_STDLIB_H 1
| #define HAVE_STRING_H 1
| #define HAVE_SYS_SOCKET_H 1
| #define HAVE_SYS_TIME_H 1
| #define HAVE_SYSLOG_H 1
| #define HAVE_TIME_H 1
| #define HAVE_UNISTD_H 1
| /* end confdefs.h.  */
| #include <stdio.h>
| #ifdef HAVE_SYS_TYPES_H
| # include <sys/types.h>
| #endif
| #ifdef HAVE_SYS_STAT_H
| # include <sys/stat.h>
| #endif
| #ifdef STDC_HEADERS
| # include <stdlib.h>
| # include <stddef.h>
| #else
| # ifdef HAVE_STDLIB_H
| #  include <stdlib.h>
| # endif
| #endif
| #ifdef HAVE_STRING_H
| # if !defined STDC_HEADERS && defined HAVE_MEMORY_H
| #  include <memory.h>
| # endif
| # include <string.h>
| #endif
| #ifdef HAVE_STRINGS_H
| # include <strings.h>
| #endif
| #ifdef HAVE_INTTYPES_H
| # include <inttypes.h>
| #endif
| #ifdef HAVE_STDINT_H
| # include <stdint.h>
| #endif
| #ifdef HAVE_UNISTD_H
| # include <unistd.h>
| #endif
| 	        enum { N = 32 / 2 - 1 };
| int
| main ()
| {
| static int test_array [1 - 2 * !((int32_t) (((((int32_t) 1 << N) << N) - 1) * 2 + 1)
| 		 < (int32_t) (((((int32_t) 1 << N) << N) - 1) * 2 + 2))];
| test_array [0] = 0;
| return test_array [0];
| 
|   ;
|   return 0;
| }
configure:21417: result: yes
configure:21428: checking for int64_t
configure:21428: gcc -c -g -O2  conftest.c >&5
configure:21428: $? = 0
configure:21428: gcc -c -g -O2  conftest.c >&5
conftest.c:91:53: warning: overflow in expression; result is -9223372036854775808 with type 'long long' [-Winteger-overflow]
                 < (int64_t) (((((int64_t) 1 << N) << N) - 1) * 2 + 2))];
                                                                  ^
conftest.c:90:24: error: 'test_array' declared as an array with a negative size
static int test_array [1 - 2 * !((int64_t) (((((int64_t) 1 << N) << N) - 1) * 2 + 1)
                       ^~~~~~~~~~~~~~~~~~~~~~~~~~~~~~~~~~~~~~~~~~~~~~~~~~~~~~~~~~~~~
1 warning and 1 error generated.
configure:21428: $? = 1
configure: failed program was:
| /* confdefs.h */
| #define PACKAGE_NAME "nghttp2"
| #define PACKAGE_TARNAME "nghttp2"
| #define PACKAGE_VERSION "1.40.0"
| #define PACKAGE_STRING "nghttp2 1.40.0"
| #define PACKAGE_BUGREPORT "t-tujikawa@users.sourceforge.net"
| #define PACKAGE_URL ""
| #define STDC_HEADERS 1
| #define HAVE_SYS_TYPES_H 1
| #define HAVE_SYS_STAT_H 1
| #define HAVE_STDLIB_H 1
| #define HAVE_STRING_H 1
| #define HAVE_MEMORY_H 1
| #define HAVE_STRINGS_H 1
| #define HAVE_INTTYPES_H 1
| #define HAVE_STDINT_H 1
| #define HAVE_UNISTD_H 1
| #define __EXTENSIONS__ 1
| #define _ALL_SOURCE 1
| #define _GNU_SOURCE 1
| #define _POSIX_PTHREAD_SEMANTICS 1
| #define _TANDEM_SOURCE 1
| #define HAVE_DLFCN_H 1
| #define LT_OBJDIR ".libs/"
| #define PACKAGE "nghttp2"
| #define VERSION "1.40.0"
| #define HAVE_PYTHON "2.7"
| #define NGHTTP2_NORETURN __attribute__((noreturn))
| #define HAVE_CXX14 1
| #define HAVE_STD_FUTURE 1
| #define HAVE_STD_MAP_EMPLACE 1
| #define HAVE_ATOMIC_STD_SHARED_PTR 1
| #define HAVE_THREAD_LOCAL 1
| #define HAVE_JANSSON 1
| #define HAVE_LIBXML2 1
| #define HAVE_ARPA_INET_H 1
| #define HAVE_FCNTL_H 1
| #define HAVE_INTTYPES_H 1
| #define HAVE_LIMITS_H 1
| #define HAVE_NETDB_H 1
| #define HAVE_NETINET_IN_H 1
| #define HAVE_PWD_H 1
| #define HAVE_STDDEF_H 1
| #define HAVE_STDINT_H 1
| #define HAVE_STDLIB_H 1
| #define HAVE_STRING_H 1
| #define HAVE_SYS_SOCKET_H 1
| #define HAVE_SYS_TIME_H 1
| #define HAVE_SYSLOG_H 1
| #define HAVE_TIME_H 1
| #define HAVE_UNISTD_H 1
| /* end confdefs.h.  */
| #include <stdio.h>
| #ifdef HAVE_SYS_TYPES_H
| # include <sys/types.h>
| #endif
| #ifdef HAVE_SYS_STAT_H
| # include <sys/stat.h>
| #endif
| #ifdef STDC_HEADERS
| # include <stdlib.h>
| # include <stddef.h>
| #else
| # ifdef HAVE_STDLIB_H
| #  include <stdlib.h>
| # endif
| #endif
| #ifdef HAVE_STRING_H
| # if !defined STDC_HEADERS && defined HAVE_MEMORY_H
| #  include <memory.h>
| # endif
| # include <string.h>
| #endif
| #ifdef HAVE_STRINGS_H
| # include <strings.h>
| #endif
| #ifdef HAVE_INTTYPES_H
| # include <inttypes.h>
| #endif
| #ifdef HAVE_STDINT_H
| # include <stdint.h>
| #endif
| #ifdef HAVE_UNISTD_H
| # include <unistd.h>
| #endif
| 	        enum { N = 64 / 2 - 1 };
| int
| main ()
| {
| static int test_array [1 - 2 * !((int64_t) (((((int64_t) 1 << N) << N) - 1) * 2 + 1)
| 		 < (int64_t) (((((int64_t) 1 << N) << N) - 1) * 2 + 2))];
| test_array [0] = 0;
| return test_array [0];
| 
|   ;
|   return 0;
| }
configure:21428: result: yes
configure:21439: checking for off_t
configure:21439: gcc -c -g -O2  conftest.c >&5
configure:21439: $? = 0
configure:21439: gcc -c -g -O2  conftest.c >&5
conftest.c:89:20: error: expected expression
if (sizeof ((off_t)))
                   ^
1 error generated.
configure:21439: $? = 1
configure: failed program was:
| /* confdefs.h */
| #define PACKAGE_NAME "nghttp2"
| #define PACKAGE_TARNAME "nghttp2"
| #define PACKAGE_VERSION "1.40.0"
| #define PACKAGE_STRING "nghttp2 1.40.0"
| #define PACKAGE_BUGREPORT "t-tujikawa@users.sourceforge.net"
| #define PACKAGE_URL ""
| #define STDC_HEADERS 1
| #define HAVE_SYS_TYPES_H 1
| #define HAVE_SYS_STAT_H 1
| #define HAVE_STDLIB_H 1
| #define HAVE_STRING_H 1
| #define HAVE_MEMORY_H 1
| #define HAVE_STRINGS_H 1
| #define HAVE_INTTYPES_H 1
| #define HAVE_STDINT_H 1
| #define HAVE_UNISTD_H 1
| #define __EXTENSIONS__ 1
| #define _ALL_SOURCE 1
| #define _GNU_SOURCE 1
| #define _POSIX_PTHREAD_SEMANTICS 1
| #define _TANDEM_SOURCE 1
| #define HAVE_DLFCN_H 1
| #define LT_OBJDIR ".libs/"
| #define PACKAGE "nghttp2"
| #define VERSION "1.40.0"
| #define HAVE_PYTHON "2.7"
| #define NGHTTP2_NORETURN __attribute__((noreturn))
| #define HAVE_CXX14 1
| #define HAVE_STD_FUTURE 1
| #define HAVE_STD_MAP_EMPLACE 1
| #define HAVE_ATOMIC_STD_SHARED_PTR 1
| #define HAVE_THREAD_LOCAL 1
| #define HAVE_JANSSON 1
| #define HAVE_LIBXML2 1
| #define HAVE_ARPA_INET_H 1
| #define HAVE_FCNTL_H 1
| #define HAVE_INTTYPES_H 1
| #define HAVE_LIMITS_H 1
| #define HAVE_NETDB_H 1
| #define HAVE_NETINET_IN_H 1
| #define HAVE_PWD_H 1
| #define HAVE_STDDEF_H 1
| #define HAVE_STDINT_H 1
| #define HAVE_STDLIB_H 1
| #define HAVE_STRING_H 1
| #define HAVE_SYS_SOCKET_H 1
| #define HAVE_SYS_TIME_H 1
| #define HAVE_SYSLOG_H 1
| #define HAVE_TIME_H 1
| #define HAVE_UNISTD_H 1
| /* end confdefs.h.  */
| #include <stdio.h>
| #ifdef HAVE_SYS_TYPES_H
| # include <sys/types.h>
| #endif
| #ifdef HAVE_SYS_STAT_H
| # include <sys/stat.h>
| #endif
| #ifdef STDC_HEADERS
| # include <stdlib.h>
| # include <stddef.h>
| #else
| # ifdef HAVE_STDLIB_H
| #  include <stdlib.h>
| # endif
| #endif
| #ifdef HAVE_STRING_H
| # if !defined STDC_HEADERS && defined HAVE_MEMORY_H
| #  include <memory.h>
| # endif
| # include <string.h>
| #endif
| #ifdef HAVE_STRINGS_H
| # include <strings.h>
| #endif
| #ifdef HAVE_INTTYPES_H
| # include <inttypes.h>
| #endif
| #ifdef HAVE_STDINT_H
| # include <stdint.h>
| #endif
| #ifdef HAVE_UNISTD_H
| # include <unistd.h>
| #endif
| int
| main ()
| {
| if (sizeof ((off_t)))
| 	    return 0;
|   ;
|   return 0;
| }
configure:21439: result: yes
configure:21450: checking for pid_t
configure:21450: gcc -c -g -O2  conftest.c >&5
configure:21450: $? = 0
configure:21450: gcc -c -g -O2  conftest.c >&5
conftest.c:89:20: error: expected expression
if (sizeof ((pid_t)))
                   ^
1 error generated.
configure:21450: $? = 1
configure: failed program was:
| /* confdefs.h */
| #define PACKAGE_NAME "nghttp2"
| #define PACKAGE_TARNAME "nghttp2"
| #define PACKAGE_VERSION "1.40.0"
| #define PACKAGE_STRING "nghttp2 1.40.0"
| #define PACKAGE_BUGREPORT "t-tujikawa@users.sourceforge.net"
| #define PACKAGE_URL ""
| #define STDC_HEADERS 1
| #define HAVE_SYS_TYPES_H 1
| #define HAVE_SYS_STAT_H 1
| #define HAVE_STDLIB_H 1
| #define HAVE_STRING_H 1
| #define HAVE_MEMORY_H 1
| #define HAVE_STRINGS_H 1
| #define HAVE_INTTYPES_H 1
| #define HAVE_STDINT_H 1
| #define HAVE_UNISTD_H 1
| #define __EXTENSIONS__ 1
| #define _ALL_SOURCE 1
| #define _GNU_SOURCE 1
| #define _POSIX_PTHREAD_SEMANTICS 1
| #define _TANDEM_SOURCE 1
| #define HAVE_DLFCN_H 1
| #define LT_OBJDIR ".libs/"
| #define PACKAGE "nghttp2"
| #define VERSION "1.40.0"
| #define HAVE_PYTHON "2.7"
| #define NGHTTP2_NORETURN __attribute__((noreturn))
| #define HAVE_CXX14 1
| #define HAVE_STD_FUTURE 1
| #define HAVE_STD_MAP_EMPLACE 1
| #define HAVE_ATOMIC_STD_SHARED_PTR 1
| #define HAVE_THREAD_LOCAL 1
| #define HAVE_JANSSON 1
| #define HAVE_LIBXML2 1
| #define HAVE_ARPA_INET_H 1
| #define HAVE_FCNTL_H 1
| #define HAVE_INTTYPES_H 1
| #define HAVE_LIMITS_H 1
| #define HAVE_NETDB_H 1
| #define HAVE_NETINET_IN_H 1
| #define HAVE_PWD_H 1
| #define HAVE_STDDEF_H 1
| #define HAVE_STDINT_H 1
| #define HAVE_STDLIB_H 1
| #define HAVE_STRING_H 1
| #define HAVE_SYS_SOCKET_H 1
| #define HAVE_SYS_TIME_H 1
| #define HAVE_SYSLOG_H 1
| #define HAVE_TIME_H 1
| #define HAVE_UNISTD_H 1
| /* end confdefs.h.  */
| #include <stdio.h>
| #ifdef HAVE_SYS_TYPES_H
| # include <sys/types.h>
| #endif
| #ifdef HAVE_SYS_STAT_H
| # include <sys/stat.h>
| #endif
| #ifdef STDC_HEADERS
| # include <stdlib.h>
| # include <stddef.h>
| #else
| # ifdef HAVE_STDLIB_H
| #  include <stdlib.h>
| # endif
| #endif
| #ifdef HAVE_STRING_H
| # if !defined STDC_HEADERS && defined HAVE_MEMORY_H
| #  include <memory.h>
| # endif
| # include <string.h>
| #endif
| #ifdef HAVE_STRINGS_H
| # include <strings.h>
| #endif
| #ifdef HAVE_INTTYPES_H
| # include <inttypes.h>
| #endif
| #ifdef HAVE_STDINT_H
| # include <stdint.h>
| #endif
| #ifdef HAVE_UNISTD_H
| # include <unistd.h>
| #endif
| int
| main ()
| {
| if (sizeof ((pid_t)))
| 	    return 0;
|   ;
|   return 0;
| }
configure:21450: result: yes
configure:21461: checking for uid_t in sys/types.h
configure:21480: result: yes
configure:21491: checking for ptrdiff_t
configure:21491: gcc -c -g -O2  conftest.c >&5
configure:21491: $? = 0
configure:21491: gcc -c -g -O2  conftest.c >&5
conftest.c:89:24: error: expected expression
if (sizeof ((ptrdiff_t)))
                       ^
1 error generated.
configure:21491: $? = 1
configure: failed program was:
| /* confdefs.h */
| #define PACKAGE_NAME "nghttp2"
| #define PACKAGE_TARNAME "nghttp2"
| #define PACKAGE_VERSION "1.40.0"
| #define PACKAGE_STRING "nghttp2 1.40.0"
| #define PACKAGE_BUGREPORT "t-tujikawa@users.sourceforge.net"
| #define PACKAGE_URL ""
| #define STDC_HEADERS 1
| #define HAVE_SYS_TYPES_H 1
| #define HAVE_SYS_STAT_H 1
| #define HAVE_STDLIB_H 1
| #define HAVE_STRING_H 1
| #define HAVE_MEMORY_H 1
| #define HAVE_STRINGS_H 1
| #define HAVE_INTTYPES_H 1
| #define HAVE_STDINT_H 1
| #define HAVE_UNISTD_H 1
| #define __EXTENSIONS__ 1
| #define _ALL_SOURCE 1
| #define _GNU_SOURCE 1
| #define _POSIX_PTHREAD_SEMANTICS 1
| #define _TANDEM_SOURCE 1
| #define HAVE_DLFCN_H 1
| #define LT_OBJDIR ".libs/"
| #define PACKAGE "nghttp2"
| #define VERSION "1.40.0"
| #define HAVE_PYTHON "2.7"
| #define NGHTTP2_NORETURN __attribute__((noreturn))
| #define HAVE_CXX14 1
| #define HAVE_STD_FUTURE 1
| #define HAVE_STD_MAP_EMPLACE 1
| #define HAVE_ATOMIC_STD_SHARED_PTR 1
| #define HAVE_THREAD_LOCAL 1
| #define HAVE_JANSSON 1
| #define HAVE_LIBXML2 1
| #define HAVE_ARPA_INET_H 1
| #define HAVE_FCNTL_H 1
| #define HAVE_INTTYPES_H 1
| #define HAVE_LIMITS_H 1
| #define HAVE_NETDB_H 1
| #define HAVE_NETINET_IN_H 1
| #define HAVE_PWD_H 1
| #define HAVE_STDDEF_H 1
| #define HAVE_STDINT_H 1
| #define HAVE_STDLIB_H 1
| #define HAVE_STRING_H 1
| #define HAVE_SYS_SOCKET_H 1
| #define HAVE_SYS_TIME_H 1
| #define HAVE_SYSLOG_H 1
| #define HAVE_TIME_H 1
| #define HAVE_UNISTD_H 1
| /* end confdefs.h.  */
| #include <stdio.h>
| #ifdef HAVE_SYS_TYPES_H
| # include <sys/types.h>
| #endif
| #ifdef HAVE_SYS_STAT_H
| # include <sys/stat.h>
| #endif
| #ifdef STDC_HEADERS
| # include <stdlib.h>
| # include <stddef.h>
| #else
| # ifdef HAVE_STDLIB_H
| #  include <stdlib.h>
| # endif
| #endif
| #ifdef HAVE_STRING_H
| # if !defined STDC_HEADERS && defined HAVE_MEMORY_H
| #  include <memory.h>
| # endif
| # include <string.h>
| #endif
| #ifdef HAVE_STRINGS_H
| # include <strings.h>
| #endif
| #ifdef HAVE_INTTYPES_H
| # include <inttypes.h>
| #endif
| #ifdef HAVE_STDINT_H
| # include <stdint.h>
| #endif
| #ifdef HAVE_UNISTD_H
| # include <unistd.h>
| #endif
| int
| main ()
| {
| if (sizeof ((ptrdiff_t)))
| 	    return 0;
|   ;
|   return 0;
| }
configure:21491: result: yes
configure:21501: checking whether byte ordering is bigendian
configure:21516: gcc -c -g -O2  conftest.c >&5
configure:21516: $? = 0
configure:21561: gcc -c -g -O2  conftest.c >&5
configure:21561: $? = 0
configure:21579: gcc -c -g -O2  conftest.c >&5
conftest.c:61:4: error: use of undeclared identifier 'not'
                 not big endian
                 ^
1 error generated.
configure:21579: $? = 1
configure: failed program was:
| /* confdefs.h */
| #define PACKAGE_NAME "nghttp2"
| #define PACKAGE_TARNAME "nghttp2"
| #define PACKAGE_VERSION "1.40.0"
| #define PACKAGE_STRING "nghttp2 1.40.0"
| #define PACKAGE_BUGREPORT "t-tujikawa@users.sourceforge.net"
| #define PACKAGE_URL ""
| #define STDC_HEADERS 1
| #define HAVE_SYS_TYPES_H 1
| #define HAVE_SYS_STAT_H 1
| #define HAVE_STDLIB_H 1
| #define HAVE_STRING_H 1
| #define HAVE_MEMORY_H 1
| #define HAVE_STRINGS_H 1
| #define HAVE_INTTYPES_H 1
| #define HAVE_STDINT_H 1
| #define HAVE_UNISTD_H 1
| #define __EXTENSIONS__ 1
| #define _ALL_SOURCE 1
| #define _GNU_SOURCE 1
| #define _POSIX_PTHREAD_SEMANTICS 1
| #define _TANDEM_SOURCE 1
| #define HAVE_DLFCN_H 1
| #define LT_OBJDIR ".libs/"
| #define PACKAGE "nghttp2"
| #define VERSION "1.40.0"
| #define HAVE_PYTHON "2.7"
| #define NGHTTP2_NORETURN __attribute__((noreturn))
| #define HAVE_CXX14 1
| #define HAVE_STD_FUTURE 1
| #define HAVE_STD_MAP_EMPLACE 1
| #define HAVE_ATOMIC_STD_SHARED_PTR 1
| #define HAVE_THREAD_LOCAL 1
| #define HAVE_JANSSON 1
| #define HAVE_LIBXML2 1
| #define HAVE_ARPA_INET_H 1
| #define HAVE_FCNTL_H 1
| #define HAVE_INTTYPES_H 1
| #define HAVE_LIMITS_H 1
| #define HAVE_NETDB_H 1
| #define HAVE_NETINET_IN_H 1
| #define HAVE_PWD_H 1
| #define HAVE_STDDEF_H 1
| #define HAVE_STDINT_H 1
| #define HAVE_STDLIB_H 1
| #define HAVE_STRING_H 1
| #define HAVE_SYS_SOCKET_H 1
| #define HAVE_SYS_TIME_H 1
| #define HAVE_SYSLOG_H 1
| #define HAVE_TIME_H 1
| #define HAVE_UNISTD_H 1
| #define HAVE_PTRDIFF_T 1
| /* end confdefs.h.  */
| #include <sys/types.h>
| 		#include <sys/param.h>
| 
| int
| main ()
| {
| #if BYTE_ORDER != BIG_ENDIAN
| 		 not big endian
| 		#endif
| 
|   ;
|   return 0;
| }
configure:21707: result: no
configure:21725: checking for inline
configure:21741: gcc -c -g -O2  conftest.c >&5
configure:21741: $? = 0
configure:21749: result: inline
configure:21774: checking for special C compiler options needed for large files
configure:21819: result: no
configure:21825: checking for _FILE_OFFSET_BITS value needed for large files
configure:21850: gcc -c -g -O2  conftest.c >&5
configure:21850: $? = 0
configure:21882: result: no
configure:21968: checking for struct tm.tm_gmtoff
configure:21968: gcc -c -g -O2  conftest.c >&5
configure:21968: $? = 0
configure:21968: result: yes
configure:21977: checking for struct sockaddr_in.sin_len
configure:21977: gcc -c -g -O2  conftest.c >&5
configure:21977: $? = 0
configure:21977: result: yes
configure:21990: checking for struct sockaddr_in6.sin6_len
configure:21990: gcc -c -g -O2  conftest.c >&5
configure:21990: $? = 0
configure:21990: result: yes
configure:22015: checking size of int *
configure:22020: gcc -o conftest -g -O2   conftest.c  >&5
configure:22020: $? = 0
configure:22020: ./conftest
configure:22020: $? = 0
configure:22034: result: 8
configure:22049: checking size of time_t
configure:22054: gcc -o conftest -g -O2   conftest.c  >&5
configure:22054: $? = 0
configure:22054: ./conftest
configure:22054: $? = 0
configure:22068: result: 8
configure:22086: checking for unistd.h
configure:22086: result: yes
configure:22096: checking for working chown
configure:22129: gcc -o conftest -g -O2   conftest.c  >&5
configure:22129: $? = 0
configure:22129: ./conftest
configure:22129: $? = 0
configure:22141: result: yes
configure:22149: checking for error_at_line
configure:22165: gcc -o conftest -g -O2   conftest.c  >&5
conftest.c:61:10: fatal error: 'error.h' file not found
#include <error.h>
         ^~~~~~~~~
1 error generated.
configure:22165: $? = 1
configure: failed program was:
| /* confdefs.h */
| #define PACKAGE_NAME "nghttp2"
| #define PACKAGE_TARNAME "nghttp2"
| #define PACKAGE_VERSION "1.40.0"
| #define PACKAGE_STRING "nghttp2 1.40.0"
| #define PACKAGE_BUGREPORT "t-tujikawa@users.sourceforge.net"
| #define PACKAGE_URL ""
| #define STDC_HEADERS 1
| #define HAVE_SYS_TYPES_H 1
| #define HAVE_SYS_STAT_H 1
| #define HAVE_STDLIB_H 1
| #define HAVE_STRING_H 1
| #define HAVE_MEMORY_H 1
| #define HAVE_STRINGS_H 1
| #define HAVE_INTTYPES_H 1
| #define HAVE_STDINT_H 1
| #define HAVE_UNISTD_H 1
| #define __EXTENSIONS__ 1
| #define _ALL_SOURCE 1
| #define _GNU_SOURCE 1
| #define _POSIX_PTHREAD_SEMANTICS 1
| #define _TANDEM_SOURCE 1
| #define HAVE_DLFCN_H 1
| #define LT_OBJDIR ".libs/"
| #define PACKAGE "nghttp2"
| #define VERSION "1.40.0"
| #define HAVE_PYTHON "2.7"
| #define NGHTTP2_NORETURN __attribute__((noreturn))
| #define HAVE_CXX14 1
| #define HAVE_STD_FUTURE 1
| #define HAVE_STD_MAP_EMPLACE 1
| #define HAVE_ATOMIC_STD_SHARED_PTR 1
| #define HAVE_THREAD_LOCAL 1
| #define HAVE_JANSSON 1
| #define HAVE_LIBXML2 1
| #define HAVE_ARPA_INET_H 1
| #define HAVE_FCNTL_H 1
| #define HAVE_INTTYPES_H 1
| #define HAVE_LIMITS_H 1
| #define HAVE_NETDB_H 1
| #define HAVE_NETINET_IN_H 1
| #define HAVE_PWD_H 1
| #define HAVE_STDDEF_H 1
| #define HAVE_STDINT_H 1
| #define HAVE_STDLIB_H 1
| #define HAVE_STRING_H 1
| #define HAVE_SYS_SOCKET_H 1
| #define HAVE_SYS_TIME_H 1
| #define HAVE_SYSLOG_H 1
| #define HAVE_TIME_H 1
| #define HAVE_UNISTD_H 1
| #define HAVE_PTRDIFF_T 1
| #define HAVE_SOCKADDR_IN_SIN_LEN 1
| #define HAVE_SOCKADDR_IN6_SIN6_LEN 1
| #define HAVE_STRUCT_TM_TM_GMTOFF 1
| #define SIZEOF_INT_P 8
| #define SIZEOF_TIME_T 8
| #define HAVE_UNISTD_H 1
| #define HAVE_CHOWN 1
| /* end confdefs.h.  */
| #include <error.h>
| int
| main ()
| {
| error_at_line (0, 0, "", 0, "an error occurred");
|   ;
|   return 0;
| }
configure:22173: result: no
configure:22186: checking vfork.h usability
configure:22186: gcc -c -g -O2  conftest.c >&5
conftest.c:94:10: fatal error: 'vfork.h' file not found
#include <vfork.h>
         ^~~~~~~~~
1 error generated.
configure:22186: $? = 1
configure: failed program was:
| /* confdefs.h */
| #define PACKAGE_NAME "nghttp2"
| #define PACKAGE_TARNAME "nghttp2"
| #define PACKAGE_VERSION "1.40.0"
| #define PACKAGE_STRING "nghttp2 1.40.0"
| #define PACKAGE_BUGREPORT "t-tujikawa@users.sourceforge.net"
| #define PACKAGE_URL ""
| #define STDC_HEADERS 1
| #define HAVE_SYS_TYPES_H 1
| #define HAVE_SYS_STAT_H 1
| #define HAVE_STDLIB_H 1
| #define HAVE_STRING_H 1
| #define HAVE_MEMORY_H 1
| #define HAVE_STRINGS_H 1
| #define HAVE_INTTYPES_H 1
| #define HAVE_STDINT_H 1
| #define HAVE_UNISTD_H 1
| #define __EXTENSIONS__ 1
| #define _ALL_SOURCE 1
| #define _GNU_SOURCE 1
| #define _POSIX_PTHREAD_SEMANTICS 1
| #define _TANDEM_SOURCE 1
| #define HAVE_DLFCN_H 1
| #define LT_OBJDIR ".libs/"
| #define PACKAGE "nghttp2"
| #define VERSION "1.40.0"
| #define HAVE_PYTHON "2.7"
| #define NGHTTP2_NORETURN __attribute__((noreturn))
| #define HAVE_CXX14 1
| #define HAVE_STD_FUTURE 1
| #define HAVE_STD_MAP_EMPLACE 1
| #define HAVE_ATOMIC_STD_SHARED_PTR 1
| #define HAVE_THREAD_LOCAL 1
| #define HAVE_JANSSON 1
| #define HAVE_LIBXML2 1
| #define HAVE_ARPA_INET_H 1
| #define HAVE_FCNTL_H 1
| #define HAVE_INTTYPES_H 1
| #define HAVE_LIMITS_H 1
| #define HAVE_NETDB_H 1
| #define HAVE_NETINET_IN_H 1
| #define HAVE_PWD_H 1
| #define HAVE_STDDEF_H 1
| #define HAVE_STDINT_H 1
| #define HAVE_STDLIB_H 1
| #define HAVE_STRING_H 1
| #define HAVE_SYS_SOCKET_H 1
| #define HAVE_SYS_TIME_H 1
| #define HAVE_SYSLOG_H 1
| #define HAVE_TIME_H 1
| #define HAVE_UNISTD_H 1
| #define HAVE_PTRDIFF_T 1
| #define HAVE_SOCKADDR_IN_SIN_LEN 1
| #define HAVE_SOCKADDR_IN6_SIN6_LEN 1
| #define HAVE_STRUCT_TM_TM_GMTOFF 1
| #define SIZEOF_INT_P 8
| #define SIZEOF_TIME_T 8
| #define HAVE_UNISTD_H 1
| #define HAVE_CHOWN 1
| /* end confdefs.h.  */
| #include <stdio.h>
| #ifdef HAVE_SYS_TYPES_H
| # include <sys/types.h>
| #endif
| #ifdef HAVE_SYS_STAT_H
| # include <sys/stat.h>
| #endif
| #ifdef STDC_HEADERS
| # include <stdlib.h>
| # include <stddef.h>
| #else
| # ifdef HAVE_STDLIB_H
| #  include <stdlib.h>
| # endif
| #endif
| #ifdef HAVE_STRING_H
| # if !defined STDC_HEADERS && defined HAVE_MEMORY_H
| #  include <memory.h>
| # endif
| # include <string.h>
| #endif
| #ifdef HAVE_STRINGS_H
| # include <strings.h>
| #endif
| #ifdef HAVE_INTTYPES_H
| # include <inttypes.h>
| #endif
| #ifdef HAVE_STDINT_H
| # include <stdint.h>
| #endif
| #ifdef HAVE_UNISTD_H
| # include <unistd.h>
| #endif
| #include <vfork.h>
configure:22186: result: no
configure:22186: checking vfork.h presence
configure:22186: gcc -E  conftest.c
conftest.c:61:10: fatal error: 'vfork.h' file not found
#include <vfork.h>
         ^~~~~~~~~
1 error generated.
configure:22186: $? = 1
configure: failed program was:
| /* confdefs.h */
| #define PACKAGE_NAME "nghttp2"
| #define PACKAGE_TARNAME "nghttp2"
| #define PACKAGE_VERSION "1.40.0"
| #define PACKAGE_STRING "nghttp2 1.40.0"
| #define PACKAGE_BUGREPORT "t-tujikawa@users.sourceforge.net"
| #define PACKAGE_URL ""
| #define STDC_HEADERS 1
| #define HAVE_SYS_TYPES_H 1
| #define HAVE_SYS_STAT_H 1
| #define HAVE_STDLIB_H 1
| #define HAVE_STRING_H 1
| #define HAVE_MEMORY_H 1
| #define HAVE_STRINGS_H 1
| #define HAVE_INTTYPES_H 1
| #define HAVE_STDINT_H 1
| #define HAVE_UNISTD_H 1
| #define __EXTENSIONS__ 1
| #define _ALL_SOURCE 1
| #define _GNU_SOURCE 1
| #define _POSIX_PTHREAD_SEMANTICS 1
| #define _TANDEM_SOURCE 1
| #define HAVE_DLFCN_H 1
| #define LT_OBJDIR ".libs/"
| #define PACKAGE "nghttp2"
| #define VERSION "1.40.0"
| #define HAVE_PYTHON "2.7"
| #define NGHTTP2_NORETURN __attribute__((noreturn))
| #define HAVE_CXX14 1
| #define HAVE_STD_FUTURE 1
| #define HAVE_STD_MAP_EMPLACE 1
| #define HAVE_ATOMIC_STD_SHARED_PTR 1
| #define HAVE_THREAD_LOCAL 1
| #define HAVE_JANSSON 1
| #define HAVE_LIBXML2 1
| #define HAVE_ARPA_INET_H 1
| #define HAVE_FCNTL_H 1
| #define HAVE_INTTYPES_H 1
| #define HAVE_LIMITS_H 1
| #define HAVE_NETDB_H 1
| #define HAVE_NETINET_IN_H 1
| #define HAVE_PWD_H 1
| #define HAVE_STDDEF_H 1
| #define HAVE_STDINT_H 1
| #define HAVE_STDLIB_H 1
| #define HAVE_STRING_H 1
| #define HAVE_SYS_SOCKET_H 1
| #define HAVE_SYS_TIME_H 1
| #define HAVE_SYSLOG_H 1
| #define HAVE_TIME_H 1
| #define HAVE_UNISTD_H 1
| #define HAVE_PTRDIFF_T 1
| #define HAVE_SOCKADDR_IN_SIN_LEN 1
| #define HAVE_SOCKADDR_IN6_SIN6_LEN 1
| #define HAVE_STRUCT_TM_TM_GMTOFF 1
| #define SIZEOF_INT_P 8
| #define SIZEOF_TIME_T 8
| #define HAVE_UNISTD_H 1
| #define HAVE_CHOWN 1
| /* end confdefs.h.  */
| #include <vfork.h>
configure:22186: result: no
configure:22186: checking for vfork.h
configure:22186: result: no
configure:22199: checking for fork
configure:22199: gcc -o conftest -g -O2   conftest.c  >&5
configure:22199: $? = 0
configure:22199: result: yes
configure:22199: checking for vfork
configure:22199: gcc -o conftest -g -O2   conftest.c  >&5
conftest.c:85:6: warning: incompatible redeclaration of library function 'vfork' [-Wincompatible-library-redeclaration]
char vfork ();
     ^
conftest.c:85:6: note: 'vfork' is a builtin with type 'int (void)'
1 warning generated.
configure:22199: $? = 0
configure:22199: result: yes
configure:22209: checking for working fork
configure:22231: gcc -o conftest -g -O2   conftest.c  >&5
configure:22231: $? = 0
configure:22231: ./conftest
configure:22231: $? = 0
configure:22241: result: yes
configure:22262: checking for working vfork
configure:22372: result: yes
configure:22399: checking whether strerror_r is declared
configure:22399: gcc -c -g -O2  conftest.c >&5
configure:22399: $? = 0
configure:22399: result: yes
configure:22412: checking for strerror_r
configure:22412: gcc -o conftest -g -O2   conftest.c  >&5
configure:22412: $? = 0
configure:22412: result: yes
configure:22421: checking whether strerror_r returns char *
configure:22445: gcc -c -g -O2  conftest.c >&5
conftest.c:105:13: error: indirection requires pointer operand ('int' invalid)
          char x = *strerror_r (0, buf, sizeof buf);
                   ^~~~~~~~~~~~~~~~~~~~~~~~~~~~~~~~
conftest.c:106:10: warning: incompatible integer to pointer conversion initializing 'char *' with an expression of type 'int' [-Wint-conversion]
          char *p = strerror_r (0, buf, sizeof buf);
                ^   ~~~~~~~~~~~~~~~~~~~~~~~~~~~~~~~
1 warning and 1 error generated.
configure:22445: $? = 1
configure: failed program was:
| /* confdefs.h */
| #define PACKAGE_NAME "nghttp2"
| #define PACKAGE_TARNAME "nghttp2"
| #define PACKAGE_VERSION "1.40.0"
| #define PACKAGE_STRING "nghttp2 1.40.0"
| #define PACKAGE_BUGREPORT "t-tujikawa@users.sourceforge.net"
| #define PACKAGE_URL ""
| #define STDC_HEADERS 1
| #define HAVE_SYS_TYPES_H 1
| #define HAVE_SYS_STAT_H 1
| #define HAVE_STDLIB_H 1
| #define HAVE_STRING_H 1
| #define HAVE_MEMORY_H 1
| #define HAVE_STRINGS_H 1
| #define HAVE_INTTYPES_H 1
| #define HAVE_STDINT_H 1
| #define HAVE_UNISTD_H 1
| #define __EXTENSIONS__ 1
| #define _ALL_SOURCE 1
| #define _GNU_SOURCE 1
| #define _POSIX_PTHREAD_SEMANTICS 1
| #define _TANDEM_SOURCE 1
| #define HAVE_DLFCN_H 1
| #define LT_OBJDIR ".libs/"
| #define PACKAGE "nghttp2"
| #define VERSION "1.40.0"
| #define HAVE_PYTHON "2.7"
| #define NGHTTP2_NORETURN __attribute__((noreturn))
| #define HAVE_CXX14 1
| #define HAVE_STD_FUTURE 1
| #define HAVE_STD_MAP_EMPLACE 1
| #define HAVE_ATOMIC_STD_SHARED_PTR 1
| #define HAVE_THREAD_LOCAL 1
| #define HAVE_JANSSON 1
| #define HAVE_LIBXML2 1
| #define HAVE_ARPA_INET_H 1
| #define HAVE_FCNTL_H 1
| #define HAVE_INTTYPES_H 1
| #define HAVE_LIMITS_H 1
| #define HAVE_NETDB_H 1
| #define HAVE_NETINET_IN_H 1
| #define HAVE_PWD_H 1
| #define HAVE_STDDEF_H 1
| #define HAVE_STDINT_H 1
| #define HAVE_STDLIB_H 1
| #define HAVE_STRING_H 1
| #define HAVE_SYS_SOCKET_H 1
| #define HAVE_SYS_TIME_H 1
| #define HAVE_SYSLOG_H 1
| #define HAVE_TIME_H 1
| #define HAVE_UNISTD_H 1
| #define HAVE_PTRDIFF_T 1
| #define HAVE_SOCKADDR_IN_SIN_LEN 1
| #define HAVE_SOCKADDR_IN6_SIN6_LEN 1
| #define HAVE_STRUCT_TM_TM_GMTOFF 1
| #define SIZEOF_INT_P 8
| #define SIZEOF_TIME_T 8
| #define HAVE_UNISTD_H 1
| #define HAVE_CHOWN 1
| #define HAVE_FORK 1
| #define HAVE_VFORK 1
| #define HAVE_WORKING_VFORK 1
| #define HAVE_WORKING_FORK 1
| #define HAVE_DECL_STRERROR_R 1
| #define HAVE_STRERROR_R 1
| /* end confdefs.h.  */
| #include <stdio.h>
| #ifdef HAVE_SYS_TYPES_H
| # include <sys/types.h>
| #endif
| #ifdef HAVE_SYS_STAT_H
| # include <sys/stat.h>
| #endif
| #ifdef STDC_HEADERS
| # include <stdlib.h>
| # include <stddef.h>
| #else
| # ifdef HAVE_STDLIB_H
| #  include <stdlib.h>
| # endif
| #endif
| #ifdef HAVE_STRING_H
| # if !defined STDC_HEADERS && defined HAVE_MEMORY_H
| #  include <memory.h>
| # endif
| # include <string.h>
| #endif
| #ifdef HAVE_STRINGS_H
| # include <strings.h>
| #endif
| #ifdef HAVE_INTTYPES_H
| # include <inttypes.h>
| #endif
| #ifdef HAVE_STDINT_H
| # include <stdint.h>
| #endif
| #ifdef HAVE_UNISTD_H
| # include <unistd.h>
| #endif
| int
| main ()
| {
| 
| 	  char buf[100];
| 	  char x = *strerror_r (0, buf, sizeof buf);
| 	  char *p = strerror_r (0, buf, sizeof buf);
| 	  return !p || x;
| 
|   ;
|   return 0;
| }
configure:22483: result: no
configure:22491: checking for working strnlen
configure:22529: gcc -o conftest -g -O2   conftest.c  >&5
configure:22529: $? = 0
configure:22529: ./conftest
configure:22529: $? = 0
configure:22539: result: yes
configure:22573: checking for _Exit
configure:22573: gcc -o conftest -g -O2   conftest.c  >&5
conftest.c:90:6: warning: incompatible redeclaration of library function '_Exit' [-Wincompatible-library-redeclaration]
char _Exit ();
     ^
conftest.c:90:6: note: '_Exit' is a builtin with type 'void (int) __attribute__((noreturn))'
1 warning generated.
configure:22573: $? = 0
configure:22573: result: yes
configure:22573: checking for accept4
configure:22573: gcc -o conftest -g -O2   conftest.c  >&5
Undefined symbols for architecture x86_64:
  "_accept4", referenced from:
      _main in conftest-83d304.o
ld: symbol(s) not found for architecture x86_64
clang: error: linker command failed with exit code 1 (use -v to see invocation)
configure:22573: $? = 1
configure: failed program was:
| /* confdefs.h */
| #define PACKAGE_NAME "nghttp2"
| #define PACKAGE_TARNAME "nghttp2"
| #define PACKAGE_VERSION "1.40.0"
| #define PACKAGE_STRING "nghttp2 1.40.0"
| #define PACKAGE_BUGREPORT "t-tujikawa@users.sourceforge.net"
| #define PACKAGE_URL ""
| #define STDC_HEADERS 1
| #define HAVE_SYS_TYPES_H 1
| #define HAVE_SYS_STAT_H 1
| #define HAVE_STDLIB_H 1
| #define HAVE_STRING_H 1
| #define HAVE_MEMORY_H 1
| #define HAVE_STRINGS_H 1
| #define HAVE_INTTYPES_H 1
| #define HAVE_STDINT_H 1
| #define HAVE_UNISTD_H 1
| #define __EXTENSIONS__ 1
| #define _ALL_SOURCE 1
| #define _GNU_SOURCE 1
| #define _POSIX_PTHREAD_SEMANTICS 1
| #define _TANDEM_SOURCE 1
| #define HAVE_DLFCN_H 1
| #define LT_OBJDIR ".libs/"
| #define PACKAGE "nghttp2"
| #define VERSION "1.40.0"
| #define HAVE_PYTHON "2.7"
| #define NGHTTP2_NORETURN __attribute__((noreturn))
| #define HAVE_CXX14 1
| #define HAVE_STD_FUTURE 1
| #define HAVE_STD_MAP_EMPLACE 1
| #define HAVE_ATOMIC_STD_SHARED_PTR 1
| #define HAVE_THREAD_LOCAL 1
| #define HAVE_JANSSON 1
| #define HAVE_LIBXML2 1
| #define HAVE_ARPA_INET_H 1
| #define HAVE_FCNTL_H 1
| #define HAVE_INTTYPES_H 1
| #define HAVE_LIMITS_H 1
| #define HAVE_NETDB_H 1
| #define HAVE_NETINET_IN_H 1
| #define HAVE_PWD_H 1
| #define HAVE_STDDEF_H 1
| #define HAVE_STDINT_H 1
| #define HAVE_STDLIB_H 1
| #define HAVE_STRING_H 1
| #define HAVE_SYS_SOCKET_H 1
| #define HAVE_SYS_TIME_H 1
| #define HAVE_SYSLOG_H 1
| #define HAVE_TIME_H 1
| #define HAVE_UNISTD_H 1
| #define HAVE_PTRDIFF_T 1
| #define HAVE_SOCKADDR_IN_SIN_LEN 1
| #define HAVE_SOCKADDR_IN6_SIN6_LEN 1
| #define HAVE_STRUCT_TM_TM_GMTOFF 1
| #define SIZEOF_INT_P 8
| #define SIZEOF_TIME_T 8
| #define HAVE_UNISTD_H 1
| #define HAVE_CHOWN 1
| #define HAVE_FORK 1
| #define HAVE_VFORK 1
| #define HAVE_WORKING_VFORK 1
| #define HAVE_WORKING_FORK 1
| #define HAVE_DECL_STRERROR_R 1
| #define HAVE_STRERROR_R 1
| #define HAVE__EXIT 1
| /* end confdefs.h.  */
| /* Define accept4 to an innocuous variant, in case <limits.h> declares accept4.
|    For example, HP-UX 11i <limits.h> declares gettimeofday.  */
| #define accept4 innocuous_accept4
| 
| /* System header to define __stub macros and hopefully few prototypes,
|     which can conflict with char accept4 (); below.
|     Prefer <limits.h> to <assert.h> if __STDC__ is defined, since
|     <limits.h> exists even on freestanding compilers.  */
| 
| #ifdef __STDC__
| # include <limits.h>
| #else
| # include <assert.h>
| #endif
| 
| #undef accept4
| 
| /* Override any GCC internal prototype to avoid an error.
|    Use char because int might match the return type of a GCC
|    builtin and then its argument prototype would still apply.  */
| #ifdef __cplusplus
| extern "C"
| #endif
| char accept4 ();
| /* The GNU C library defines this for functions which it implements
|     to always fail with ENOSYS.  Some functions are actually named
|     something starting with __ and the normal name is an alias.  */
| #if defined __stub_accept4 || defined __stub___accept4
| choke me
| #endif
| 
| int
| main ()
| {
| return accept4 ();
|   ;
|   return 0;
| }
configure:22573: result: no
configure:22573: checking for dup2
configure:22573: gcc -o conftest -g -O2   conftest.c  >&5
configure:22573: $? = 0
configure:22573: result: yes
configure:22573: checking for getcwd
configure:22573: gcc -o conftest -g -O2   conftest.c  >&5
configure:22573: $? = 0
configure:22573: result: yes
configure:22573: checking for getpwnam
configure:22573: gcc -o conftest -g -O2   conftest.c  >&5
configure:22573: $? = 0
configure:22573: result: yes
configure:22573: checking for localtime_r
configure:22573: gcc -o conftest -g -O2   conftest.c  >&5
configure:22573: $? = 0
configure:22573: result: yes
configure:22573: checking for memchr
configure:22573: gcc -o conftest -g -O2   conftest.c  >&5
conftest.c:95:6: warning: incompatible redeclaration of library function 'memchr' [-Wincompatible-library-redeclaration]
char memchr ();
     ^
conftest.c:95:6: note: 'memchr' is a builtin with type 'void *(const void *, int, unsigned long)'
1 warning generated.
configure:22573: $? = 0
configure:22573: result: yes
configure:22573: checking for memmove
configure:22573: gcc -o conftest -g -O2   conftest.c  >&5
conftest.c:96:6: warning: incompatible redeclaration of library function 'memmove' [-Wincompatible-library-redeclaration]
char memmove ();
     ^
conftest.c:96:6: note: 'memmove' is a builtin with type 'void *(void *, const void *, unsigned long)'
1 warning generated.
configure:22573: $? = 0
configure:22573: result: yes
configure:22573: checking for memset
configure:22573: gcc -o conftest -g -O2   conftest.c  >&5
conftest.c:97:6: warning: incompatible redeclaration of library function 'memset' [-Wincompatible-library-redeclaration]
char memset ();
     ^
conftest.c:97:6: note: 'memset' is a builtin with type 'void *(void *, int, unsigned long)'
1 warning generated.
configure:22573: $? = 0
configure:22573: result: yes
configure:22573: checking for mkostemp
configure:22573: gcc -o conftest -g -O2   conftest.c  >&5
configure:22573: $? = 0
configure:22573: result: yes
configure:22573: checking for socket
configure:22573: gcc -o conftest -g -O2   conftest.c  >&5
configure:22573: $? = 0
configure:22573: result: yes
configure:22573: checking for sqrt
configure:22573: gcc -o conftest -g -O2   conftest.c  >&5
conftest.c:100:6: warning: incompatible redeclaration of library function 'sqrt' [-Wincompatible-library-redeclaration]
char sqrt ();
     ^
conftest.c:100:6: note: 'sqrt' is a builtin with type 'double (double)'
1 warning generated.
configure:22573: $? = 0
configure:22573: result: yes
configure:22573: checking for strchr
configure:22573: gcc -o conftest -g -O2   conftest.c  >&5
conftest.c:101:6: warning: incompatible redeclaration of library function 'strchr' [-Wincompatible-library-redeclaration]
char strchr ();
     ^
conftest.c:101:6: note: 'strchr' is a builtin with type 'char *(const char *, int)'
1 warning generated.
configure:22573: $? = 0
configure:22573: result: yes
configure:22573: checking for strdup
configure:22573: gcc -o conftest -g -O2   conftest.c  >&5
conftest.c:102:6: warning: incompatible redeclaration of library function 'strdup' [-Wincompatible-library-redeclaration]
char strdup ();
     ^
conftest.c:102:6: note: 'strdup' is a builtin with type 'char *(const char *)'
1 warning generated.
configure:22573: $? = 0
configure:22573: result: yes
configure:22573: checking for strerror
configure:22573: gcc -o conftest -g -O2   conftest.c  >&5
conftest.c:103:6: warning: incompatible redeclaration of library function 'strerror' [-Wincompatible-library-redeclaration]
char strerror ();
     ^
conftest.c:103:6: note: 'strerror' is a builtin with type 'char *(int)'
1 warning generated.
configure:22573: $? = 0
configure:22573: result: yes
configure:22573: checking for strndup
configure:22573: gcc -o conftest -g -O2   conftest.c  >&5
conftest.c:104:6: warning: incompatible redeclaration of library function 'strndup' [-Wincompatible-library-redeclaration]
char strndup ();
     ^
conftest.c:104:6: note: 'strndup' is a builtin with type 'char *(const char *, unsigned long)'
1 warning generated.
configure:22573: $? = 0
configure:22573: result: yes
configure:22573: checking for strstr
configure:22573: gcc -o conftest -g -O2   conftest.c  >&5
conftest.c:105:6: warning: incompatible redeclaration of library function 'strstr' [-Wincompatible-library-redeclaration]
char strstr ();
     ^
conftest.c:105:6: note: 'strstr' is a builtin with type 'char *(const char *, const char *)'
1 warning generated.
configure:22573: $? = 0
configure:22573: result: yes
configure:22573: checking for strtol
configure:22573: gcc -o conftest -g -O2   conftest.c  >&5
conftest.c:106:6: warning: incompatible redeclaration of library function 'strtol' [-Wincompatible-library-redeclaration]
char strtol ();
     ^
conftest.c:106:6: note: 'strtol' is a builtin with type 'long (const char *, char **, int)'
1 warning generated.
configure:22573: $? = 0
configure:22573: result: yes
configure:22573: checking for strtoul
configure:22573: gcc -o conftest -g -O2   conftest.c  >&5
conftest.c:107:6: warning: incompatible redeclaration of library function 'strtoul' [-Wincompatible-library-redeclaration]
char strtoul ();
     ^
conftest.c:107:6: note: 'strtoul' is a builtin with type 'unsigned long (const char *, char **, int)'
1 warning generated.
configure:22573: $? = 0
configure:22573: result: yes
configure:22573: checking for timegm
configure:22573: gcc -o conftest -g -O2   conftest.c  >&5
configure:22573: $? = 0
configure:22573: result: yes
configure:22585: checking for timerfd_create
configure:22585: gcc -o conftest -g -O2   conftest.c  >&5
Undefined symbols for architecture x86_64:
  "_timerfd_create", referenced from:
      _main in conftest-3e6196.o
ld: symbol(s) not found for architecture x86_64
clang: error: linker command failed with exit code 1 (use -v to see invocation)
configure:22585: $? = 1
configure: failed program was:
| /* confdefs.h */
| #define PACKAGE_NAME "nghttp2"
| #define PACKAGE_TARNAME "nghttp2"
| #define PACKAGE_VERSION "1.40.0"
| #define PACKAGE_STRING "nghttp2 1.40.0"
| #define PACKAGE_BUGREPORT "t-tujikawa@users.sourceforge.net"
| #define PACKAGE_URL ""
| #define STDC_HEADERS 1
| #define HAVE_SYS_TYPES_H 1
| #define HAVE_SYS_STAT_H 1
| #define HAVE_STDLIB_H 1
| #define HAVE_STRING_H 1
| #define HAVE_MEMORY_H 1
| #define HAVE_STRINGS_H 1
| #define HAVE_INTTYPES_H 1
| #define HAVE_STDINT_H 1
| #define HAVE_UNISTD_H 1
| #define __EXTENSIONS__ 1
| #define _ALL_SOURCE 1
| #define _GNU_SOURCE 1
| #define _POSIX_PTHREAD_SEMANTICS 1
| #define _TANDEM_SOURCE 1
| #define HAVE_DLFCN_H 1
| #define LT_OBJDIR ".libs/"
| #define PACKAGE "nghttp2"
| #define VERSION "1.40.0"
| #define HAVE_PYTHON "2.7"
| #define NGHTTP2_NORETURN __attribute__((noreturn))
| #define HAVE_CXX14 1
| #define HAVE_STD_FUTURE 1
| #define HAVE_STD_MAP_EMPLACE 1
| #define HAVE_ATOMIC_STD_SHARED_PTR 1
| #define HAVE_THREAD_LOCAL 1
| #define HAVE_JANSSON 1
| #define HAVE_LIBXML2 1
| #define HAVE_ARPA_INET_H 1
| #define HAVE_FCNTL_H 1
| #define HAVE_INTTYPES_H 1
| #define HAVE_LIMITS_H 1
| #define HAVE_NETDB_H 1
| #define HAVE_NETINET_IN_H 1
| #define HAVE_PWD_H 1
| #define HAVE_STDDEF_H 1
| #define HAVE_STDINT_H 1
| #define HAVE_STDLIB_H 1
| #define HAVE_STRING_H 1
| #define HAVE_SYS_SOCKET_H 1
| #define HAVE_SYS_TIME_H 1
| #define HAVE_SYSLOG_H 1
| #define HAVE_TIME_H 1
| #define HAVE_UNISTD_H 1
| #define HAVE_PTRDIFF_T 1
| #define HAVE_SOCKADDR_IN_SIN_LEN 1
| #define HAVE_SOCKADDR_IN6_SIN6_LEN 1
| #define HAVE_STRUCT_TM_TM_GMTOFF 1
| #define SIZEOF_INT_P 8
| #define SIZEOF_TIME_T 8
| #define HAVE_UNISTD_H 1
| #define HAVE_CHOWN 1
| #define HAVE_FORK 1
| #define HAVE_VFORK 1
| #define HAVE_WORKING_VFORK 1
| #define HAVE_WORKING_FORK 1
| #define HAVE_DECL_STRERROR_R 1
| #define HAVE_STRERROR_R 1
| #define HAVE__EXIT 1
| #define HAVE_DUP2 1
| #define HAVE_GETCWD 1
| #define HAVE_GETPWNAM 1
| #define HAVE_LOCALTIME_R 1
| #define HAVE_MEMCHR 1
| #define HAVE_MEMMOVE 1
| #define HAVE_MEMSET 1
| #define HAVE_MKOSTEMP 1
| #define HAVE_SOCKET 1
| #define HAVE_SQRT 1
| #define HAVE_STRCHR 1
| #define HAVE_STRDUP 1
| #define HAVE_STRERROR 1
| #define HAVE_STRNDUP 1
| #define HAVE_STRSTR 1
| #define HAVE_STRTOL 1
| #define HAVE_STRTOUL 1
| #define HAVE_TIMEGM 1
| /* end confdefs.h.  */
| /* Define timerfd_create to an innocuous variant, in case <limits.h> declares timerfd_create.
|    For example, HP-UX 11i <limits.h> declares gettimeofday.  */
| #define timerfd_create innocuous_timerfd_create
| 
| /* System header to define __stub macros and hopefully few prototypes,
|     which can conflict with char timerfd_create (); below.
|     Prefer <limits.h> to <assert.h> if __STDC__ is defined, since
|     <limits.h> exists even on freestanding compilers.  */
| 
| #ifdef __STDC__
| # include <limits.h>
| #else
| # include <assert.h>
| #endif
| 
| #undef timerfd_create
| 
| /* Override any GCC internal prototype to avoid an error.
|    Use char because int might match the return type of a GCC
|    builtin and then its argument prototype would still apply.  */
| #ifdef __cplusplus
| extern "C"
| #endif
| char timerfd_create ();
| /* The GNU C library defines this for functions which it implements
|     to always fail with ENOSYS.  Some functions are actually named
|     something starting with __ and the normal name is an alias.  */
| #if defined __stub_timerfd_create || defined __stub___timerfd_create
| choke me
| #endif
| 
| int
| main ()
| {
| return timerfd_create ();
|   ;
|   return 0;
| }
configure:22585: result: no
configure:22596: checking whether initgroups is declared
configure:22596: gcc -c -g -O2  conftest.c >&5
configure:22596: $? = 0
configure:22596: result: yes
configure:24268: checking whether C compiler accepts -fvisibility=hidden
configure:24287: gcc -c -g -O2  -fvisibility=hidden  conftest.c >&5
configure:24287: $? = 0
configure:24295: result: yes
configure:24447: checking that generated files are newer than configure
configure:24453: result: done
configure:24533: creating ./config.status

## ---------------------- ##
## Running config.status. ##
## ---------------------- ##

This file was extended by nghttp2 config.status 1.40.0, which was
generated by GNU Autoconf 2.69.  Invocation command line was

  CONFIG_FILES    = 
  CONFIG_HEADERS  = 
  CONFIG_LINKS    = 
  CONFIG_COMMANDS = 
  $ ./config.status 

on MacBook-Pro

config.status:1329: creating Makefile
config.status:1329: creating lib/Makefile
config.status:1329: creating lib/libnghttp2.pc
config.status:1329: creating lib/includes/Makefile
config.status:1329: creating lib/includes/nghttp2/nghttp2ver.h
config.status:1329: creating tests/Makefile
config.status:1329: creating tests/testdata/Makefile
config.status:1329: creating third-party/Makefile
config.status:1329: creating src/Makefile
config.status:1329: creating src/includes/Makefile
config.status:1329: creating src/libnghttp2_asio.pc
config.status:1329: creating examples/Makefile
config.status:1329: creating python/Makefile
config.status:1329: creating python/setup.py
config.status:1329: creating integration-tests/Makefile
config.status:1329: creating integration-tests/config.go
config.status:1329: creating integration-tests/setenv
config.status:1329: creating doc/Makefile
config.status:1329: creating doc/conf.py
config.status:1329: creating doc/index.rst
config.status:1329: creating doc/package_README.rst
config.status:1329: creating doc/tutorial-client.rst
config.status:1329: creating doc/tutorial-server.rst
config.status:1329: creating doc/tutorial-hpack.rst
config.status:1329: creating doc/nghttpx-howto.rst
config.status:1329: creating doc/h2load-howto.rst
config.status:1329: creating doc/libnghttp2_asio.rst
config.status:1329: creating doc/python-apiref.rst
config.status:1329: creating doc/building-android-binary.rst
config.status:1329: creating doc/nghttp2.h.rst
config.status:1329: creating doc/nghttp2ver.h.rst
config.status:1329: creating doc/asio_http2.h.rst
config.status:1329: creating doc/asio_http2_server.h.rst
config.status:1329: creating doc/asio_http2_client.h.rst
config.status:1329: creating doc/contribute.rst
config.status:1329: creating contrib/Makefile
config.status:1329: creating script/Makefile
config.status:1329: creating config.h
config.status:1510: config.h is unchanged
config.status:1558: executing libtool commands
config.status:1558: executing depfiles commands
config.status:2344: cd lib       && sed -e '/# am--include-marker/d' Makefile         | make -f - am--depfiles
make: Nothing to be done for `am--depfiles'.
config.status:2349: $? = 0
config.status:2344: cd tests       && sed -e '/# am--include-marker/d' Makefile         | make -f - am--depfiles
make: Nothing to be done for `am--depfiles'.
config.status:2349: $? = 0
config.status:2344: cd third-party       && sed -e '/# am--include-marker/d' Makefile         | make -f - am--depfiles
make: Nothing to be done for `am--depfiles'.
config.status:2349: $? = 0
config.status:2344: cd src       && sed -e '/# am--include-marker/d' Makefile         | make -f - am--depfiles
make: Nothing to be done for `am--depfiles'.
config.status:2349: $? = 0
config.status:2344: cd examples       && sed -e '/# am--include-marker/d' Makefile         | make -f - am--depfiles
make: Nothing to be done for `am--depfiles'.
config.status:2349: $? = 0
configure:27041: summary of build options:

    Package version: 1.40.0
    Library version: 33:0:19
    Install prefix:  /usr/local
    System types:
      Build:         x86_64-apple-darwin19.5.0
      Host:          x86_64-apple-darwin19.5.0
      Target:        x86_64-apple-darwin19.5.0
    Compiler:
      C compiler:     gcc
      CFLAGS:         -g -O2
      LDFLAGS:        
      C++ compiler:   g++ -std=c++14
      CXXFLAGS:       -g -O2
      CXXCPP:         g++ -E -std=c++14
      C preprocessor: gcc -E
      CPPFLAGS:       
      WARNCFLAGS:     
      WARNCXXFLAGS:   
      CXX1XCXXFLAGS:  
      EXTRACFLAG:     -fvisibility=hidden
      LIBS:           
    Library:
      Shared:         yes
      Static:         yes
    Python:
      Python:         /usr/bin/python
      PYTHON_VERSION: 2.7
      pyexecdir:      ${exec_prefix}/lib/python2.7/site-packages
      Python-dev:     yes
      PYTHON_CPPFLAGS:-I/System/Library/Frameworks/Python.framework/Versions/2.7/include/python2.7
      PYTHON_LDFLAGS: -L/System/Library/Frameworks/Python.framework/Versions/2.7/lib -lpython2.7
      Cython:         
    Test:
      CUnit:          no (CFLAGS='' LIBS='')
      Failmalloc:     yes
    Libs:
      OpenSSL:        no (CFLAGS='' LIBS='')
      Libxml2:        yes (CFLAGS='-I/Library/Developer/CommandLineTools/SDKs/MacOSX10.14.sdk/usr/include/libxml2' LIBS='-lxml2')
      Libev:          yes (CFLAGS='' LIBS='-lev')
      Libc-ares:      yes (CFLAGS='-I/usr/local/Cellar/c-ares/1.16.1/include' LIBS='-L/usr/local/Cellar/c-ares/1.16.1/lib -lcares')
      Libevent(SSL):  yes (CFLAGS='-I/usr/local/Cellar/libevent/2.1.12/include -I/usr/local/Cellar/openssl@1.1/1.1.1g/include -I/usr/local/Cellar/libevent/2.1.12/include' LIBS='-L/usr/local/Cellar/libevent/2.1.12/lib -levent_openssl -levent')
      Jansson:        yes (CFLAGS='-I/usr/local/Cellar/jansson/2.13.1/include' LIBS='-L/usr/local/Cellar/jansson/2.13.1/lib -ljansson')
      Jemalloc:       yes (LIBS='-ljemalloc')
      Zlib:           yes (CFLAGS='' LIBS='-lz')
      Systemd:        no (CFLAGS='' LIBS='')
      Boost CPPFLAGS: 
      Boost LDFLAGS:  
      Boost::ASIO:    
      Boost::System:  
      Boost::Thread:  
    Third-party:
      http-parser:    yes
      MRuby:          no (CFLAGS='' LIBS='')
      Neverbleed:     no
    Features:
      Applications:   no
      HPACK tools:    yes
      Libnghttp2_asio:no
      Examples:       no
      Python bindings:no
      Threading:      yes


## ---------------- ##
## Cache variables. ##
## ---------------- ##

ac_cv_build=x86_64-apple-darwin19.5.0
ac_cv_c_bigendian=no
ac_cv_c_compiler_gnu=yes
ac_cv_c_inline=inline
ac_cv_c_int16_t=yes
ac_cv_c_int32_t=yes
ac_cv_c_int64_t=yes
ac_cv_c_int8_t=yes
ac_cv_c_uint16_t=yes
ac_cv_c_uint32_t=yes
ac_cv_c_uint64_t=yes
ac_cv_c_uint8_t=yes
ac_cv_cxx_compiler_gnu=yes
ac_cv_env_CCC_set=
ac_cv_env_CCC_value=
ac_cv_env_CC_set=
ac_cv_env_CC_value=
ac_cv_env_CFLAGS_set=
ac_cv_env_CFLAGS_value=
ac_cv_env_CPPFLAGS_set=
ac_cv_env_CPPFLAGS_value=
ac_cv_env_CPP_set=
ac_cv_env_CPP_value=
ac_cv_env_CUNIT_CFLAGS_set=
ac_cv_env_CUNIT_CFLAGS_value=
ac_cv_env_CUNIT_LIBS_set=
ac_cv_env_CUNIT_LIBS_value=
ac_cv_env_CXXCPP_set=
ac_cv_env_CXXCPP_value=
ac_cv_env_CXXFLAGS_set=
ac_cv_env_CXXFLAGS_value=
ac_cv_env_CXX_set=
ac_cv_env_CXX_value=
ac_cv_env_CYTHON_set=
ac_cv_env_CYTHON_value=
ac_cv_env_JANSSON_CFLAGS_set=
ac_cv_env_JANSSON_CFLAGS_value=
ac_cv_env_JANSSON_LIBS_set=
ac_cv_env_JANSSON_LIBS_value=
ac_cv_env_LDFLAGS_set=
ac_cv_env_LDFLAGS_value=
ac_cv_env_LIBCARES_CFLAGS_set=
ac_cv_env_LIBCARES_CFLAGS_value=
ac_cv_env_LIBCARES_LIBS_set=
ac_cv_env_LIBCARES_LIBS_value=
ac_cv_env_LIBEVENT_OPENSSL_CFLAGS_set=
ac_cv_env_LIBEVENT_OPENSSL_CFLAGS_value=
ac_cv_env_LIBEVENT_OPENSSL_LIBS_set=
ac_cv_env_LIBEVENT_OPENSSL_LIBS_value=
ac_cv_env_LIBS_set=
ac_cv_env_LIBS_value=
ac_cv_env_LIBXML2_CFLAGS_set=
ac_cv_env_LIBXML2_CFLAGS_value=
ac_cv_env_LIBXML2_LIBS_set=
ac_cv_env_LIBXML2_LIBS_value=
ac_cv_env_LT_SYS_LIBRARY_PATH_set=
ac_cv_env_LT_SYS_LIBRARY_PATH_value=
ac_cv_env_OPENSSL_CFLAGS_set=
ac_cv_env_OPENSSL_CFLAGS_value=
ac_cv_env_OPENSSL_LIBS_set=
ac_cv_env_OPENSSL_LIBS_value=
ac_cv_env_PKG_CONFIG_LIBDIR_set=
ac_cv_env_PKG_CONFIG_LIBDIR_value=
ac_cv_env_PKG_CONFIG_PATH_set=
ac_cv_env_PKG_CONFIG_PATH_value=
ac_cv_env_PKG_CONFIG_set=
ac_cv_env_PKG_CONFIG_value=
ac_cv_env_PYTHON_VERSION_set=
ac_cv_env_PYTHON_VERSION_value=
ac_cv_env_PYTHON_set=
ac_cv_env_PYTHON_value=
ac_cv_env_SYSTEMD_CFLAGS_set=
ac_cv_env_SYSTEMD_CFLAGS_value=
ac_cv_env_SYSTEMD_LIBS_set=
ac_cv_env_SYSTEMD_LIBS_value=
ac_cv_env_ZLIB_CFLAGS_set=
ac_cv_env_ZLIB_CFLAGS_value=
ac_cv_env_ZLIB_LIBS_set=
ac_cv_env_ZLIB_LIBS_value=
ac_cv_env_build_alias_set=
ac_cv_env_build_alias_value=
ac_cv_env_host_alias_set=
ac_cv_env_host_alias_value=
ac_cv_env_target_alias_set=
ac_cv_env_target_alias_value=
ac_cv_func__Exit=yes
ac_cv_func_accept4=no
ac_cv_func_chown_works=yes
ac_cv_func_dup2=yes
ac_cv_func_fork=yes
ac_cv_func_fork_works=yes
ac_cv_func_getcwd=yes
ac_cv_func_getpwnam=yes
ac_cv_func_localtime_r=yes
ac_cv_func_memchr=yes
ac_cv_func_memmove=yes
ac_cv_func_memset=yes
ac_cv_func_mkostemp=yes
ac_cv_func_socket=yes
ac_cv_func_sqrt=yes
ac_cv_func_strchr=yes
ac_cv_func_strdup=yes
ac_cv_func_strerror=yes
ac_cv_func_strerror_r=yes
ac_cv_func_strerror_r_char_p=no
ac_cv_func_strndup=yes
ac_cv_func_strnlen_working=yes
ac_cv_func_strstr=yes
ac_cv_func_strtol=yes
ac_cv_func_strtoul=yes
ac_cv_func_timegm=yes
ac_cv_func_timerfd_create=no
ac_cv_func_vfork=yes
ac_cv_func_vfork_works=yes
ac_cv_have_decl_initgroups=yes
ac_cv_have_decl_strerror_r=yes
ac_cv_header_arpa_inet_h=yes
ac_cv_header_dlfcn_h=yes
ac_cv_header_ev_h=yes
ac_cv_header_fcntl_h=yes
ac_cv_header_inttypes_h=yes
ac_cv_header_limits_h=yes
ac_cv_header_memory_h=yes
ac_cv_header_minix_config_h=no
ac_cv_header_netdb_h=yes
ac_cv_header_netinet_in_h=yes
ac_cv_header_pwd_h=yes
ac_cv_header_stdc=yes
ac_cv_header_stddef_h=yes
ac_cv_header_stdint_h=yes
ac_cv_header_stdlib_h=yes
ac_cv_header_string_h=yes
ac_cv_header_strings_h=yes
ac_cv_header_sys_socket_h=yes
ac_cv_header_sys_stat_h=yes
ac_cv_header_sys_time_h=yes
ac_cv_header_sys_types_h=yes
ac_cv_header_syslog_h=yes
ac_cv_header_time_h=yes
ac_cv_header_unistd_h=yes
ac_cv_header_vfork_h=no
ac_cv_host=x86_64-apple-darwin19.5.0
ac_cv_lib_cunit_CU_initialize_registry=no
ac_cv_lib_error_at_line=no
ac_cv_lib_ev_ev_time=yes
ac_cv_member_struct_sockaddr_in6_sin6_len=yes
ac_cv_member_struct_sockaddr_in_sin_len=yes
ac_cv_member_struct_tm_tm_gmtoff=yes
ac_cv_objext=o
ac_cv_path_EGREP='/usr/bin/grep -E'
ac_cv_path_FGREP='/usr/bin/grep -F'
ac_cv_path_GREP=/usr/bin/grep
ac_cv_path_PYTHON=/usr/bin/python
ac_cv_path_SED=/usr/bin/sed
ac_cv_path_ac_pt_PKG_CONFIG=/usr/local/bin/pkg-config
ac_cv_path_install='/usr/bin/install -c'
ac_cv_path_lt_DD=/bin/dd
ac_cv_prog_AWK=awk
ac_cv_prog_CPP='gcc -E'
ac_cv_prog_CXXCPP='g++ -E'
ac_cv_prog_ac_ct_AR=ar
ac_cv_prog_ac_ct_CC=gcc
ac_cv_prog_ac_ct_CXX=g++
ac_cv_prog_ac_ct_DSYMUTIL=dsymutil
ac_cv_prog_ac_ct_LIPO=lipo
ac_cv_prog_ac_ct_NMEDIT=nmedit
ac_cv_prog_ac_ct_OBJDUMP=objdump
ac_cv_prog_ac_ct_OTOOL=otool
ac_cv_prog_ac_ct_RANLIB=ranlib
ac_cv_prog_ac_ct_STRIP=strip
ac_cv_prog_cc_c89=
ac_cv_prog_cc_g=yes
ac_cv_prog_cxx_g=yes
ac_cv_prog_make_make_set=yes
ac_cv_safe_to_define___extensions__=yes
ac_cv_search_dlopen='none required'
ac_cv_search_malloc_stats_print=-ljemalloc
ac_cv_sizeof_int_p=8
ac_cv_sizeof_time_t=8
ac_cv_sys_file_offset_bits=no
ac_cv_sys_largefile_CC=no
ac_cv_target=x86_64-apple-darwin19.5.0
ac_cv_type_off_t=yes
ac_cv_type_pid_t=yes
ac_cv_type_ptrdiff_t=yes
ac_cv_type_size_t=yes
ac_cv_type_ssize_t=yes
ac_cv_type_uid_t=yes
am_cv_CC_dependencies_compiler_type=gcc3
am_cv_CXX_dependencies_compiler_type=gcc3
am_cv_make_support_nested_variables=yes
am_cv_pathless_PYTHON=python
am_cv_prog_cc_c_o=yes
am_cv_python_platform=darwin
am_cv_python_pyexecdir='${exec_prefix}/lib/python2.7/site-packages'
am_cv_python_pythondir='${prefix}/lib/python2.7/site-packages'
am_cv_python_version=2.7
ax_cv_check_cflags___fvisibility_hidden=yes
ax_cv_cxx_compile_cxx14__std_cpp14=yes
lt_cv_apple_cc_single_mod=yes
lt_cv_ar_at_file=no
lt_cv_deplibs_check_method=pass_all
lt_cv_file_magic_cmd='$MAGIC_CMD'
lt_cv_file_magic_test_file=
lt_cv_ld_exported_symbols_list=yes
lt_cv_ld_force_load=yes
lt_cv_ld_reload_flag=-r
lt_cv_nm_interface='BSD nm'
lt_cv_objdir=.libs
lt_cv_path_LD=/Library/Developer/CommandLineTools/usr/bin/ld
lt_cv_path_LDCXX=/Library/Developer/CommandLineTools/usr/bin/ld
lt_cv_path_NM='/usr/bin/nm -B'
lt_cv_path_mainfest_tool=no
lt_cv_prog_compiler_c_o=yes
lt_cv_prog_compiler_c_o_CXX=yes
lt_cv_prog_compiler_pic='-fno-common -DPIC'
lt_cv_prog_compiler_pic_CXX='-fno-common -DPIC'
lt_cv_prog_compiler_pic_works=yes
lt_cv_prog_compiler_pic_works_CXX=yes
lt_cv_prog_compiler_rtti_exceptions=yes
lt_cv_prog_compiler_static_works=no
lt_cv_prog_compiler_static_works_CXX=no
lt_cv_prog_gnu_ld=no
lt_cv_prog_gnu_ldcxx=no
lt_cv_sharedlib_from_linklib_cmd='printf %s\n'
lt_cv_sys_global_symbol_pipe='sed -n -e '\''s/^.*[	 ]\([BCDEGRST][BCDEGRST]*\)[	 ][	 ]*_\([_A-Za-z][_A-Za-z0-9]*\)$/\1 _\2 \2/p'\'' | sed '\''/ __gnu_lto/d'\'''
lt_cv_sys_global_symbol_to_c_name_address='sed -n -e '\''s/^: \(.*\) .*$/  {"\1", (void *) 0},/p'\'' -e '\''s/^[BCDEGRST][BCDEGRST]* .* \(.*\)$/  {"\1", (void *) \&\1},/p'\'''
lt_cv_sys_global_symbol_to_c_name_address_lib_prefix='sed -n -e '\''s/^: \(.*\) .*$/  {"\1", (void *) 0},/p'\'' -e '\''s/^[BCDEGRST][BCDEGRST]* .* \(lib.*\)$/  {"\1", (void *) \&\1},/p'\'' -e '\''s/^[BCDEGRST][BCDEGRST]* .* \(.*\)$/  {"lib\1", (void *) \&\1},/p'\'''
lt_cv_sys_global_symbol_to_cdecl='sed -n -e '\''s/^T .* \(.*\)$/extern int \1();/p'\'' -e '\''s/^[BCDEGRST][BCDEGRST]* .* \(.*\)$/extern char \1;/p'\'''
lt_cv_sys_global_symbol_to_import=
lt_cv_sys_max_cmd_len=196608
lt_cv_to_host_file_cmd=func_convert_file_noop
lt_cv_to_tool_file_cmd=func_convert_file_noop
lt_cv_truncate_bin='/bin/dd bs=4096 count=1'
pkg_cv_JANSSON_CFLAGS=-I/usr/local/Cellar/jansson/2.13.1/include
pkg_cv_JANSSON_LIBS='-L/usr/local/Cellar/jansson/2.13.1/lib -ljansson'
pkg_cv_LIBCARES_CFLAGS=-I/usr/local/Cellar/c-ares/1.16.1/include
pkg_cv_LIBCARES_LIBS='-L/usr/local/Cellar/c-ares/1.16.1/lib -lcares'
pkg_cv_LIBEVENT_OPENSSL_CFLAGS='-I/usr/local/Cellar/libevent/2.1.12/include -I/usr/local/Cellar/openssl@1.1/1.1.1g/include -I/usr/local/Cellar/libevent/2.1.12/include'
pkg_cv_LIBEVENT_OPENSSL_LIBS='-L/usr/local/Cellar/libevent/2.1.12/lib -levent_openssl -levent'
pkg_cv_LIBXML2_CFLAGS=-I/Library/Developer/CommandLineTools/SDKs/MacOSX10.14.sdk/usr/include/libxml2
pkg_cv_LIBXML2_LIBS=-lxml2
pkg_cv_ZLIB_CFLAGS=
pkg_cv_ZLIB_LIBS=-lz

## ----------------- ##
## Output variables. ##
## ----------------- ##

ACLOCAL='${SHELL} /Users/huanghe/Desktop/chat/nghttp2/missing aclocal-1.16'
AMDEPBACKSLASH='\'
AMDEP_FALSE='#'
AMDEP_TRUE=''
AMTAR='$${TAR-tar}'
AM_BACKSLASH='\'
AM_DEFAULT_V='$(AM_DEFAULT_VERBOSITY)'
AM_DEFAULT_VERBOSITY='0'
AM_V='$(V)'
APPLDFLAGS='-ldl  -pthread'
AR='ar'
AUTOCONF='${SHELL} /Users/huanghe/Desktop/chat/nghttp2/missing autoconf'
AUTOHEADER='${SHELL} /Users/huanghe/Desktop/chat/nghttp2/missing autoheader'
AUTOMAKE='${SHELL} /Users/huanghe/Desktop/chat/nghttp2/missing automake-1.16'
AWK='awk'
BOOST_ASIO_LIB=''
BOOST_CPPFLAGS=''
BOOST_LDFLAGS=''
BOOST_SYSTEM_LIB=''
BOOST_THREAD_LIB=''
CC='gcc'
CCDEPMODE='depmode=gcc3'
CFLAGS='-g -O2'
CPP='gcc -E'
CPPFLAGS=''
CUNIT_CFLAGS=''
CUNIT_LIBS=''
CXX1XCXXFLAGS=''
CXX='g++ -std=c++14'
CXXCPP='g++ -E -std=c++14'
CXXDEPMODE='depmode=gcc3'
CXXFLAGS='-g -O2'
CYGPATH_W='echo'
CYTHON=''
DEFS='-DHAVE_CONFIG_H'
DEPDIR='.deps'
DLLTOOL='false'
DSYMUTIL='dsymutil'
DUMPBIN=''
ECHO_C='\c'
ECHO_N=''
ECHO_T=''
EGREP='/usr/bin/grep -E'
ENABLE_APP_FALSE=''
ENABLE_APP_TRUE='#'
ENABLE_ASIO_LIB_FALSE=''
ENABLE_ASIO_LIB_TRUE='#'
ENABLE_EXAMPLES_FALSE=''
ENABLE_EXAMPLES_TRUE='#'
ENABLE_FAILMALLOC_FALSE='#'
ENABLE_FAILMALLOC_TRUE=''
ENABLE_HPACK_TOOLS_FALSE='#'
ENABLE_HPACK_TOOLS_TRUE=''
ENABLE_PYTHON_BINDINGS_FALSE=''
ENABLE_PYTHON_BINDINGS_TRUE='#'
ENABLE_STATIC_FALSE='#'
ENABLE_STATIC_TRUE=''
ENABLE_THIRD_PARTY_FALSE='#'
ENABLE_THIRD_PARTY_TRUE=''
EXEEXT=''
EXTRACFLAG='-fvisibility=hidden'
FGREP='/usr/bin/grep -F'
GREP='/usr/bin/grep'
HAVE_CUNIT_FALSE=''
HAVE_CUNIT_TRUE='#'
HAVE_CXX14='1'
HAVE_CYTHON_FALSE=''
HAVE_CYTHON_TRUE='#'
HAVE_LIBXML2_FALSE='#'
HAVE_LIBXML2_TRUE=''
HAVE_MRUBY_FALSE=''
HAVE_MRUBY_TRUE='#'
HAVE_NEVERBLEED_FALSE=''
HAVE_NEVERBLEED_TRUE='#'
INSTALL_DATA='${INSTALL} -m 644'
INSTALL_PROGRAM='${INSTALL}'
INSTALL_SCRIPT='${INSTALL}'
INSTALL_STRIP_PROGRAM='$(install_sh) -c -s'
JANSSON_CFLAGS='-I/usr/local/Cellar/jansson/2.13.1/include'
JANSSON_LIBS='-L/usr/local/Cellar/jansson/2.13.1/lib -ljansson'
JEMALLOC_LIBS='-ljemalloc'
LD='/Library/Developer/CommandLineTools/usr/bin/ld'
LDFLAGS=''
LIBCARES_CFLAGS='-I/usr/local/Cellar/c-ares/1.16.1/include'
LIBCARES_LIBS='-L/usr/local/Cellar/c-ares/1.16.1/lib -lcares'
LIBEVENT_OPENSSL_CFLAGS='-I/usr/local/Cellar/libevent/2.1.12/include -I/usr/local/Cellar/openssl@1.1/1.1.1g/include -I/usr/local/Cellar/libevent/2.1.12/include'
LIBEVENT_OPENSSL_LIBS='-L/usr/local/Cellar/libevent/2.1.12/lib -levent_openssl -levent'
LIBEV_CFLAGS=''
LIBEV_LIBS='-lev'
LIBMRUBY_CFLAGS=''
LIBMRUBY_LIBS=''
LIBOBJS=' ${LIBOBJDIR}error$U.o'
LIBS=''
LIBTOOL='$(SHELL) $(top_builddir)/libtool'
LIBXML2_CFLAGS='-I/Library/Developer/CommandLineTools/SDKs/MacOSX10.14.sdk/usr/include/libxml2'
LIBXML2_LIBS='-lxml2'
LIPO='lipo'
LN_S='ln -s'
LTLIBOBJS=' ${LIBOBJDIR}error$U.lo'
LT_AGE='19'
LT_CURRENT='33'
LT_REVISION='0'
LT_SYS_LIBRARY_PATH=''
MAKEINFO='${SHELL} /Users/huanghe/Desktop/chat/nghttp2/missing makeinfo'
MANIFEST_TOOL=':'
MKDIR_P='./install-sh -c -d'
NM='/usr/bin/nm -B'
NMEDIT='nmedit'
OBJDUMP='objdump'
OBJEXT='o'
OPENSSL_CFLAGS=''
OPENSSL_LIBS=''
OTOOL64=':'
OTOOL='otool'
PACKAGE='nghttp2'
PACKAGE_BUGREPORT='t-tujikawa@users.sourceforge.net'
PACKAGE_NAME='nghttp2'
PACKAGE_STRING='nghttp2 1.40.0'
PACKAGE_TARNAME='nghttp2'
PACKAGE_URL=''
PACKAGE_VERSION='1.40.0'
PACKAGE_VERSION_NUM='0x012800'
PATH_SEPARATOR=':'
PKG_CONFIG='/usr/local/bin/pkg-config'
PKG_CONFIG_LIBDIR=''
PKG_CONFIG_PATH=''
PYTHON='/usr/bin/python'
PYTHON_CPPFLAGS='-I/System/Library/Frameworks/Python.framework/Versions/2.7/include/python2.7'
PYTHON_EXEC_PREFIX='${exec_prefix}'
PYTHON_EXTRA_LDFLAGS='-u _PyMac_Error /System/Library/Frameworks/Python.framework/Versions/2.7/Python'
PYTHON_EXTRA_LIBS='-ldl  -framework CoreFoundation'
PYTHON_LDFLAGS='-L/System/Library/Frameworks/Python.framework/Versions/2.7/lib -lpython2.7'
PYTHON_PLATFORM='darwin'
PYTHON_PREFIX='${prefix}'
PYTHON_SITE_PKG='/Library/Python/2.7/site-packages'
PYTHON_VERSION='2.7'
RANLIB='ranlib'
SED='/usr/bin/sed'
SET_MAKE=''
SHELL='/bin/sh'
STRIP='strip'
SYSTEMD_CFLAGS=''
SYSTEMD_LIBS=''
TESTLDADD=''
VERSION='1.40.0'
WARNCFLAGS=''
WARNCXXFLAGS=''
ZLIB_CFLAGS=''
ZLIB_LIBS='-lz'
ac_ct_AR='ar'
ac_ct_CC='gcc'
ac_ct_CXX='g++'
ac_ct_DUMPBIN=''
am__EXEEXT_FALSE=''
am__EXEEXT_TRUE='#'
am__fastdepCC_FALSE='#'
am__fastdepCC_TRUE=''
am__fastdepCXX_FALSE='#'
am__fastdepCXX_TRUE=''
am__include='include'
am__isrc=''
am__leading_dot='.'
am__nodep='_no'
am__quote=''
am__tar='$${TAR-tar} chof - "$$tardir"'
am__untar='$${TAR-tar} xf -'
bindir='${exec_prefix}/bin'
build='x86_64-apple-darwin19.5.0'
build_alias=''
build_cpu='x86_64'
build_os='darwin19.5.0'
build_vendor='apple'
datadir='${datarootdir}'
datarootdir='${prefix}/share'
docdir='${datarootdir}/doc/${PACKAGE_TARNAME}'
dvidir='${docdir}'
exec_prefix='${prefix}'
host='x86_64-apple-darwin19.5.0'
host_alias=''
host_cpu='x86_64'
host_os='darwin19.5.0'
host_vendor='apple'
htmldir='${docdir}'
includedir='${prefix}/include'
infodir='${datarootdir}/info'
install_sh='${SHELL} /Users/huanghe/Desktop/chat/nghttp2/install-sh'
libdir='${exec_prefix}/lib'
libexecdir='${exec_prefix}/libexec'
localedir='${datarootdir}/locale'
localstatedir='${prefix}/var'
mandir='${datarootdir}/man'
mkdir_p='$(MKDIR_P)'
oldincludedir='/usr/include'
pdfdir='${docdir}'
pkgpyexecdir='${pyexecdir}/nghttp2'
pkgpythondir='${pythondir}/nghttp2'
prefix='/usr/local'
program_transform_name='s,x,x,'
psdir='${docdir}'
pyexecdir='${exec_prefix}/lib/python2.7/site-packages'
pythondir='${prefix}/lib/python2.7/site-packages'
runstatedir='${localstatedir}/run'
sbindir='${exec_prefix}/sbin'
sharedstatedir='${prefix}/com'
sysconfdir='${prefix}/etc'
target='x86_64-apple-darwin19.5.0'
target_alias=''
target_cpu='x86_64'
target_os='darwin19.5.0'
target_vendor='apple'

## ----------- ##
## confdefs.h. ##
## ----------- ##

/* confdefs.h */
#define PACKAGE_NAME "nghttp2"
#define PACKAGE_TARNAME "nghttp2"
#define PACKAGE_VERSION "1.40.0"
#define PACKAGE_STRING "nghttp2 1.40.0"
#define PACKAGE_BUGREPORT "t-tujikawa@users.sourceforge.net"
#define PACKAGE_URL ""
#define STDC_HEADERS 1
#define HAVE_SYS_TYPES_H 1
#define HAVE_SYS_STAT_H 1
#define HAVE_STDLIB_H 1
#define HAVE_STRING_H 1
#define HAVE_MEMORY_H 1
#define HAVE_STRINGS_H 1
#define HAVE_INTTYPES_H 1
#define HAVE_STDINT_H 1
#define HAVE_UNISTD_H 1
#define __EXTENSIONS__ 1
#define _ALL_SOURCE 1
#define _GNU_SOURCE 1
#define _POSIX_PTHREAD_SEMANTICS 1
#define _TANDEM_SOURCE 1
#define HAVE_DLFCN_H 1
#define LT_OBJDIR ".libs/"
#define PACKAGE "nghttp2"
#define VERSION "1.40.0"
#define HAVE_PYTHON "2.7"
#define NGHTTP2_NORETURN __attribute__((noreturn))
#define HAVE_CXX14 1
#define HAVE_STD_FUTURE 1
#define HAVE_STD_MAP_EMPLACE 1
#define HAVE_ATOMIC_STD_SHARED_PTR 1
#define HAVE_THREAD_LOCAL 1
#define HAVE_JANSSON 1
#define HAVE_LIBXML2 1
#define HAVE_ARPA_INET_H 1
#define HAVE_FCNTL_H 1
#define HAVE_INTTYPES_H 1
#define HAVE_LIMITS_H 1
#define HAVE_NETDB_H 1
#define HAVE_NETINET_IN_H 1
#define HAVE_PWD_H 1
#define HAVE_STDDEF_H 1
#define HAVE_STDINT_H 1
#define HAVE_STDLIB_H 1
#define HAVE_STRING_H 1
#define HAVE_SYS_SOCKET_H 1
#define HAVE_SYS_TIME_H 1
#define HAVE_SYSLOG_H 1
#define HAVE_TIME_H 1
#define HAVE_UNISTD_H 1
#define HAVE_PTRDIFF_T 1
#define HAVE_SOCKADDR_IN_SIN_LEN 1
#define HAVE_SOCKADDR_IN6_SIN6_LEN 1
#define HAVE_STRUCT_TM_TM_GMTOFF 1
#define SIZEOF_INT_P 8
#define SIZEOF_TIME_T 8
#define HAVE_UNISTD_H 1
#define HAVE_CHOWN 1
#define HAVE_FORK 1
#define HAVE_VFORK 1
#define HAVE_WORKING_VFORK 1
#define HAVE_WORKING_FORK 1
#define HAVE_DECL_STRERROR_R 1
#define HAVE_STRERROR_R 1
#define HAVE__EXIT 1
#define HAVE_DUP2 1
#define HAVE_GETCWD 1
#define HAVE_GETPWNAM 1
#define HAVE_LOCALTIME_R 1
#define HAVE_MEMCHR 1
#define HAVE_MEMMOVE 1
#define HAVE_MEMSET 1
#define HAVE_MKOSTEMP 1
#define HAVE_SOCKET 1
#define HAVE_SQRT 1
#define HAVE_STRCHR 1
#define HAVE_STRDUP 1
#define HAVE_STRERROR 1
#define HAVE_STRNDUP 1
#define HAVE_STRSTR 1
#define HAVE_STRTOL 1
#define HAVE_STRTOUL 1
#define HAVE_TIMEGM 1
#define HAVE_DECL_INITGROUPS 1

configure: exit 0
